<?xml version="1.0" encoding="UTF-8"?>
<testsuite xmlns:xsi="http://www.w3.org/2001/XMLSchema-instance" xsi:noNamespaceSchemaLocation="https://maven.apache.org/surefire/maven-surefire-plugin/xsd/surefire-test-report-3.0.xsd" version="3.0" name="com.example.gateway.GatewayRoutingConfigurationTest" time="0.512" tests="4" errors="0" skipped="0" failures="0">
  <properties>
[...]
</properties>
  <testcase name="testValidateConfigurationWithNoRoutes" classname="com.example.gateway.GatewayRoutingConfigurationTest" time="0.463">
    <system-out><![CDATA[17:27:21.941 [main] INFO com.example.gateway.config.GatewayRoutingConfiguration - Validating gateway routing configuration...
17:27:21.944 [main] WARN com.example.gateway.config.GatewayRoutingConfiguration - No routes configured in gateway.routes property
]]></system-out>
  </testcase>
  <testcase name="testValidateConfigurationWithValidRoutes" classname="com.example.gateway.GatewayRoutingConfigurationTest" time="0.007">
    <system-out><![CDATA[17:27:21.959 [main] INFO com.example.gateway.config.GatewayRoutingConfiguration - Validating gateway routing configuration...
17:27:21.960 [main] INFO com.example.gateway.config.GatewayRoutingConfiguration - Gateway routing configuration validation successful. Loaded 1 routes.
17:27:21.961 [main] DEBUG com.example.gateway.config.GatewayRoutingConfiguration - Route configured: test-route -> http://localhost:8080
]]></system-out>
  </testcase>
  <testcase name="testValidateConfigurationWithInvalidRoutes" classname="com.example.gateway.GatewayRoutingConfigurationTest" time="0.005">
    <system-out><![CDATA[17:27:21.967 [main] INFO com.example.gateway.config.GatewayRoutingConfiguration - Validating gateway routing configuration...
17:27:21.967 [main] ERROR com.example.gateway.config.GatewayRoutingConfiguration - Gateway routing configuration validation failed: Invalid route configuration
]]></system-out>
  </testcase>
  <testcase name="testValidateConfigurationWithNullRoutes" classname="com.example.gateway.GatewayRoutingConfigurationTest" time="0.001">
    <system-out><![CDATA[17:27:21.975 [main] INFO com.example.gateway.config.GatewayRoutingConfiguration - Validating gateway routing configuration...
17:27:21.975 [main] WARN com.example.gateway.config.GatewayRoutingConfiguration - No routes configured in gateway.routes property
]]></system-out>
  </testcase>
</testsuite>