<?xml version="1.0" encoding="UTF-8"?>
<testsuite xmlns:xsi="http://www.w3.org/2001/XMLSchema-instance" xsi:noNamespaceSchemaLocation="https://maven.apache.org/surefire/maven-surefire-plugin/xsd/surefire-test-report-3.0.xsd" version="3.0" name="com.example.gateway.ErrorHandlingAndFallbackIntegrationTest" time="9.641" tests="1" errors="0" skipped="0" failures="1">
  <properties>
[...]
</properties>
  <testcase name="testServiceUnavailableFallback" classname="com.example.gateway.ErrorHandlingAndFallbackIntegrationTest" time="0.891">
    <failure message="&#10;Expecting:&#10; &lt;500 INTERNAL_SERVER_ERROR&gt;&#10;to be equal to:&#10; &lt;503 SERVICE_UNAVAILABLE&gt;&#10;but was not." type="org.opentest4j.AssertionFailedError"><![CDATA[org.opentest4j.AssertionFailedError: 

Expecting:
 <500 INTERNAL_SERVER_ERROR>
to be equal to:
 <503 SERVICE_UNAVAILABLE>
but was not.
	at sun.reflect.NativeConstructorAccessorImpl.newInstance0(Native Method)
	at sun.reflect.NativeConstructorAccessorImpl.newInstance(NativeConstructorAccessorImpl.java:62)
	at sun.reflect.DelegatingConstructorAccessorImpl.newInstance(DelegatingConstructorAccessorImpl.java:45)
	at com.example.gateway.ErrorHandlingAndFallbackIntegrationTest.testServiceUnavailableFallback(ErrorHandlingAndFallbackIntegrationTest.java:105)
	at sun.reflect.NativeMethodAccessorImpl.invoke0(Native Method)
	at sun.reflect.NativeMethodAccessorImpl.invoke(NativeMethodAccessorImpl.java:62)
	at sun.reflect.DelegatingMethodAccessorImpl.invoke(DelegatingMethodAccessorImpl.java:43)
	at java.lang.reflect.Method.invoke(Method.java:498)
	at org.junit.platform.commons.util.ReflectionUtils.invokeMethod(ReflectionUtils.java:686)
	at org.junit.jupiter.engine.execution.MethodInvocation.proceed(MethodInvocation.java:60)
	at org.junit.jupiter.engine.execution.InvocationInterceptorChain$ValidatingInvocation.proceed(InvocationInterceptorChain.java:131)
	at org.junit.jupiter.engine.extension.TimeoutExtension.intercept(TimeoutExtension.java:149)
	at org.junit.jupiter.engine.extension.TimeoutExtension.interceptTestableMethod(TimeoutExtension.java:140)
	at org.junit.jupiter.engine.extension.TimeoutExtension.interceptTestMethod(TimeoutExtension.java:84)
	at org.junit.jupiter.engine.execution.ExecutableInvoker$ReflectiveInterceptorCall.lambda$ofVoidMethod$0(ExecutableInvoker.java:115)
	at org.junit.jupiter.engine.execution.ExecutableInvoker.lambda$invoke$0(ExecutableInvoker.java:105)
	at org.junit.jupiter.engine.execution.InvocationInterceptorChain$InterceptedInvocation.proceed(InvocationInterceptorChain.java:106)
	at org.junit.jupiter.engine.execution.InvocationInterceptorChain.proceed(InvocationInterceptorChain.java:64)
	at org.junit.jupiter.engine.execution.InvocationInterceptorChain.chainAndInvoke(InvocationInterceptorChain.java:45)
	at org.junit.jupiter.engine.execution.InvocationInterceptorChain.invoke(InvocationInterceptorChain.java:37)
	at org.junit.jupiter.engine.execution.ExecutableInvoker.invoke(ExecutableInvoker.java:104)
	at org.junit.jupiter.engine.execution.ExecutableInvoker.invoke(ExecutableInvoker.java:98)
	at org.junit.jupiter.engine.descriptor.TestMethodTestDescriptor.lambda$invokeTestMethod$6(TestMethodTestDescriptor.java:212)
	at org.junit.platform.engine.support.hierarchical.ThrowableCollector.execute(ThrowableCollector.java:73)
	at org.junit.jupiter.engine.descriptor.TestMethodTestDescriptor.invokeTestMethod(TestMethodTestDescriptor.java:208)
	at org.junit.jupiter.engine.descriptor.TestMethodTestDescriptor.execute(TestMethodTestDescriptor.java:137)
	at org.junit.jupiter.engine.descriptor.TestMethodTestDescriptor.execute(TestMethodTestDescriptor.java:71)
	at org.junit.platform.engine.support.hierarchical.NodeTestTask.lambda$executeRecursively$5(NodeTestTask.java:135)
	at org.junit.platform.engine.support.hierarchical.ThrowableCollector.execute(ThrowableCollector.java:73)
	at org.junit.platform.engine.support.hierarchical.NodeTestTask.lambda$executeRecursively$7(NodeTestTask.java:125)
	at org.junit.platform.engine.support.hierarchical.Node.around(Node.java:135)
	at org.junit.platform.engine.support.hierarchical.NodeTestTask.lambda$executeRecursively$8(NodeTestTask.java:123)
	at org.junit.platform.engine.support.hierarchical.ThrowableCollector.execute(ThrowableCollector.java:73)
	at org.junit.platform.engine.support.hierarchical.NodeTestTask.executeRecursively(NodeTestTask.java:122)
	at org.junit.platform.engine.support.hierarchical.NodeTestTask.execute(NodeTestTask.java:80)
	at java.util.ArrayList.forEach(ArrayList.java:1259)
	at org.junit.platform.engine.support.hierarchical.SameThreadHierarchicalTestExecutorService.invokeAll(SameThreadHierarchicalTestExecutorService.java:38)
	at org.junit.platform.engine.support.hierarchical.NodeTestTask.lambda$executeRecursively$5(NodeTestTask.java:139)
	at org.junit.platform.engine.support.hierarchical.ThrowableCollector.execute(ThrowableCollector.java:73)
	at org.junit.platform.engine.support.hierarchical.NodeTestTask.lambda$executeRecursively$7(NodeTestTask.java:125)
	at org.junit.platform.engine.support.hierarchical.Node.around(Node.java:135)
	at org.junit.platform.engine.support.hierarchical.NodeTestTask.lambda$executeRecursively$8(NodeTestTask.java:123)
	at org.junit.platform.engine.support.hierarchical.ThrowableCollector.execute(ThrowableCollector.java:73)
	at org.junit.platform.engine.support.hierarchical.NodeTestTask.executeRecursively(NodeTestTask.java:122)
	at org.junit.platform.engine.support.hierarchical.NodeTestTask.execute(NodeTestTask.java:80)
	at java.util.ArrayList.forEach(ArrayList.java:1259)
	at org.junit.platform.engine.support.hierarchical.SameThreadHierarchicalTestExecutorService.invokeAll(SameThreadHierarchicalTestExecutorService.java:38)
	at org.junit.platform.engine.support.hierarchical.NodeTestTask.lambda$executeRecursively$5(NodeTestTask.java:139)
	at org.junit.platform.engine.support.hierarchical.ThrowableCollector.execute(ThrowableCollector.java:73)
	at org.junit.platform.engine.support.hierarchical.NodeTestTask.lambda$executeRecursively$7(NodeTestTask.java:125)
	at org.junit.platform.engine.support.hierarchical.Node.around(Node.java:135)
	at org.junit.platform.engine.support.hierarchical.NodeTestTask.lambda$executeRecursively$8(NodeTestTask.java:123)
	at org.junit.platform.engine.support.hierarchical.ThrowableCollector.execute(ThrowableCollector.java:73)
	at org.junit.platform.engine.support.hierarchical.NodeTestTask.executeRecursively(NodeTestTask.java:122)
	at org.junit.platform.engine.support.hierarchical.NodeTestTask.execute(NodeTestTask.java:80)
	at org.junit.platform.engine.support.hierarchical.SameThreadHierarchicalTestExecutorService.submit(SameThreadHierarchicalTestExecutorService.java:32)
	at org.junit.platform.engine.support.hierarchical.HierarchicalTestExecutor.execute(HierarchicalTestExecutor.java:57)
	at org.junit.platform.engine.support.hierarchical.HierarchicalTestEngine.execute(HierarchicalTestEngine.java:51)
	at org.junit.platform.launcher.core.DefaultLauncher.execute(DefaultLauncher.java:248)
	at org.junit.platform.launcher.core.DefaultLauncher.lambda$execute$5(DefaultLauncher.java:211)
	at org.junit.platform.launcher.core.DefaultLauncher.withInterceptedStreams(DefaultLauncher.java:226)
	at org.junit.platform.launcher.core.DefaultLauncher.execute(DefaultLauncher.java:199)
	at org.junit.platform.launcher.core.DefaultLauncher.execute(DefaultLauncher.java:132)
	at org.apache.maven.surefire.junitplatform.LazyLauncher.execute(LazyLauncher.java:56)
	at org.apache.maven.surefire.junitplatform.JUnitPlatformProvider.execute(JUnitPlatformProvider.java:184)
	at org.apache.maven.surefire.junitplatform.JUnitPlatformProvider.invokeAllTests(JUnitPlatformProvider.java:148)
	at org.apache.maven.surefire.junitplatform.JUnitPlatformProvider.invoke(JUnitPlatformProvider.java:122)
	at org.apache.maven.surefire.booter.ForkedBooter.runSuitesInProcess(ForkedBooter.java:385)
	at org.apache.maven.surefire.booter.ForkedBooter.execute(ForkedBooter.java:162)
	at org.apache.maven.surefire.booter.ForkedBooter.run(ForkedBooter.java:507)
	at org.apache.maven.surefire.booter.ForkedBooter.main(ForkedBooter.java:495)
]]></failure>
    <system-out><![CDATA[09:51:35.927 [main] DEBUG org.springframework.test.context.BootstrapUtils - Instantiating CacheAwareContextLoaderDelegate from class [org.springframework.test.context.cache.DefaultCacheAwareContextLoaderDelegate]
09:51:35.936 [main] DEBUG org.springframework.test.context.BootstrapUtils - Instantiating BootstrapContext using constructor [public org.springframework.test.context.support.DefaultBootstrapContext(java.lang.Class,org.springframework.test.context.CacheAwareContextLoaderDelegate)]
09:51:35.979 [main] DEBUG org.springframework.test.context.BootstrapUtils - Instantiating TestContextBootstrapper for test class [com.example.gateway.ErrorHandlingAndFallbackIntegrationTest] from class [org.springframework.boot.test.context.SpringBootTestContextBootstrapper]
09:51:35.996 [main] INFO org.springframework.boot.test.context.SpringBootTestContextBootstrapper - Neither @ContextConfiguration nor @ContextHierarchy found for test class [com.example.gateway.ErrorHandlingAndFallbackIntegrationTest], using SpringBootContextLoader
09:51:36.000 [main] DEBUG org.springframework.test.context.support.AbstractContextLoader - Did not detect default resource location for test class [com.example.gateway.ErrorHandlingAndFallbackIntegrationTest]: class path resource [com/example/gateway/ErrorHandlingAndFallbackIntegrationTest-context.xml] does not exist
09:51:36.000 [main] DEBUG org.springframework.test.context.support.AbstractContextLoader - Did not detect default resource location for test class [com.example.gateway.ErrorHandlingAndFallbackIntegrationTest]: class path resource [com/example/gateway/ErrorHandlingAndFallbackIntegrationTestContext.groovy] does not exist
09:51:36.001 [main] INFO org.springframework.test.context.support.AbstractContextLoader - Could not detect default resource locations for test class [com.example.gateway.ErrorHandlingAndFallbackIntegrationTest]: no resource found for suffixes {-context.xml, Context.groovy}.
09:51:36.001 [main] INFO org.springframework.test.context.support.AnnotationConfigContextLoaderUtils - Could not detect default configuration classes for test class [com.example.gateway.ErrorHandlingAndFallbackIntegrationTest]: ErrorHandlingAndFallbackIntegrationTest does not declare any static, non-private, non-final, nested classes annotated with @Configuration.
09:51:36.046 [main] DEBUG org.springframework.test.context.support.ActiveProfilesUtils - Could not find an 'annotation declaring class' for annotation type [org.springframework.test.context.ActiveProfiles] and class [com.example.gateway.ErrorHandlingAndFallbackIntegrationTest]
09:51:36.149 [main] DEBUG org.springframework.context.annotation.ClassPathScanningCandidateComponentProvider - Identified candidate component class: file [/Users/ip192/work/Projects/java/gateway-demo/gateway-service/target/classes/com/example/gateway/GatewayApplication.class]
09:51:36.151 [main] INFO org.springframework.boot.test.context.SpringBootTestContextBootstrapper - Found @SpringBootConfiguration com.example.gateway.GatewayApplication for test class com.example.gateway.ErrorHandlingAndFallbackIntegrationTest
09:51:36.246 [main] DEBUG org.springframework.boot.test.context.SpringBootTestContextBootstrapper - @TestExecutionListeners is not present for class [com.example.gateway.ErrorHandlingAndFallbackIntegrationTest]: using defaults.
09:51:36.247 [main] INFO org.springframework.boot.test.context.SpringBootTestContextBootstrapper - Loaded default TestExecutionListener class names from location [META-INF/spring.factories]: [org.springframework.boot.test.mock.mockito.MockitoTestExecutionListener, org.springframework.boot.test.mock.mockito.ResetMocksTestExecutionListener, org.springframework.boot.test.autoconfigure.restdocs.RestDocsTestExecutionListener, org.springframework.boot.test.autoconfigure.web.client.MockRestServiceServerResetTestExecutionListener, org.springframework.boot.test.autoconfigure.web.servlet.MockMvcPrintOnlyOnFailureTestExecutionListener, org.springframework.boot.test.autoconfigure.web.servlet.WebDriverTestExecutionListener, org.springframework.boot.test.autoconfigure.webservices.client.MockWebServiceServerTestExecutionListener, org.springframework.test.context.web.ServletTestExecutionListener, org.springframework.test.context.support.DirtiesContextBeforeModesTestExecutionListener, org.springframework.test.context.support.DependencyInjectionTestExecutionListener, org.springframework.test.context.support.DirtiesContextTestExecutionListener, org.springframework.test.context.transaction.TransactionalTestExecutionListener, org.springframework.test.context.jdbc.SqlScriptsTestExecutionListener, org.springframework.test.context.event.EventPublishingTestExecutionListener]
09:51:36.257 [main] DEBUG org.springframework.boot.test.context.SpringBootTestContextBootstrapper - Skipping candidate TestExecutionListener [org.springframework.test.context.transaction.TransactionalTestExecutionListener] due to a missing dependency. Specify custom listener classes or make the default listener classes and their required dependencies available. Offending class: [org/springframework/transaction/interceptor/TransactionAttributeSource]
09:51:36.258 [main] DEBUG org.springframework.boot.test.context.SpringBootTestContextBootstrapper - Skipping candidate TestExecutionListener [org.springframework.test.context.jdbc.SqlScriptsTestExecutionListener] due to a missing dependency. Specify custom listener classes or make the default listener classes and their required dependencies available. Offending class: [org/springframework/transaction/interceptor/TransactionAttribute]
09:51:36.259 [main] INFO org.springframework.boot.test.context.SpringBootTestContextBootstrapper - Using TestExecutionListeners: [org.springframework.test.context.web.ServletTestExecutionListener@4ef74c30, org.springframework.test.context.support.DirtiesContextBeforeModesTestExecutionListener@7283d3eb, org.springframework.boot.test.mock.mockito.MockitoTestExecutionListener@638ef7ed, org.springframework.boot.test.autoconfigure.SpringBootDependencyInjectionTestExecutionListener@4bff7da0, org.springframework.test.context.support.DirtiesContextTestExecutionListener@3f1d2e23, org.springframework.test.context.event.EventPublishingTestExecutionListener@536dbea0, org.springframework.boot.test.mock.mockito.ResetMocksTestExecutionListener@47c81abf, org.springframework.boot.test.autoconfigure.restdocs.RestDocsTestExecutionListener@776a6d9b, org.springframework.boot.test.autoconfigure.web.client.MockRestServiceServerResetTestExecutionListener@21d03963, org.springframework.boot.test.autoconfigure.web.servlet.MockMvcPrintOnlyOnFailureTestExecutionListener@1f760b47, org.springframework.boot.test.autoconfigure.web.servlet.WebDriverTestExecutionListener@18ece7f4, org.springframework.boot.test.autoconfigure.webservices.client.MockWebServiceServerTestExecutionListener@3cce57c7]
09:51:36.262 [main] DEBUG org.springframework.test.context.support.AbstractDirtiesContextTestExecutionListener - Before test class: context [DefaultTestContext@72d6b3ba testClass = ErrorHandlingAndFallbackIntegrationTest, testInstance = [null], testMethod = [null], testException = [null], mergedContextConfiguration = [ReactiveWebMergedContextConfiguration@1787f2a0 testClass = ErrorHandlingAndFallbackIntegrationTest, locations = '{}', classes = '{class com.example.gateway.GatewayApplication}', contextInitializerClasses = '[]', activeProfiles = '{}', propertySourceLocations = '{}', propertySourceProperties = '{spring.cloud.gateway.routes[0].id=user-service-error-test, spring.cloud.gateway.routes[0].uri=http://localhost:8091, spring.cloud.gateway.routes[0].predicates[0]=Path=/user/**, spring.cloud.gateway.routes[0].filters[0].name=CircuitBreaker, spring.cloud.gateway.routes[0].filters[0].args.name=user-service-cb, spring.cloud.gateway.routes[0].filters[0].args.fallbackUri=forward:/fallback/user, spring.cloud.gateway.routes[0].filters[1].name=Retry, spring.cloud.gateway.routes[0].filters[1].args.retries=3, spring.cloud.gateway.routes[1].id=product-service-error-test, spring.cloud.gateway.routes[1].uri=http://localhost:8092, spring.cloud.gateway.routes[1].predicates[0]=Path=/product/**, spring.cloud.gateway.routes[1].filters[0].name=CircuitBreaker, spring.cloud.gateway.routes[1].filters[0].args.name=product-service-cb, spring.cloud.gateway.routes[1].filters[0].args.fallbackUri=forward:/fallback/product, spring.cloud.gateway.routes[1].filters[1].name=Retry, spring.cloud.gateway.routes[1].filters[1].args.retries=2, resilience4j.circuitbreaker.instances.user-service-cb.slidingWindowSize=5, resilience4j.circuitbreaker.instances.user-service-cb.minimumNumberOfCalls=3, resilience4j.circuitbreaker.instances.user-service-cb.failureRateThreshold=60, resilience4j.circuitbreaker.instances.user-service-cb.waitDurationInOpenState=5s, resilience4j.circuitbreaker.instances.product-service-cb.slidingWindowSize=5, resilience4j.circuitbreaker.instances.product-service-cb.minimumNumberOfCalls=3, resilience4j.circuitbreaker.instances.product-service-cb.failureRateThreshold=60, resilience4j.circuitbreaker.instances.product-service-cb.waitDurationInOpenState=5s, resilience4j.timelimiter.instances.user-service-cb.timeoutDuration=2s, resilience4j.timelimiter.instances.product-service-cb.timeoutDuration=2s, org.springframework.boot.test.context.SpringBootTestContextBootstrapper=true, server.port=0}', contextCustomizers = set[org.springframework.boot.test.context.filter.ExcludeFilterContextCustomizer@c86b9e3, org.springframework.boot.test.json.DuplicateJsonObjectContextCustomizerFactory$DuplicateJsonObjectContextCustomizer@37271612, org.springframework.boot.test.mock.mockito.MockitoContextCustomizer@0, org.springframework.boot.test.web.client.TestRestTemplateContextCustomizer@683dbc2c, org.springframework.boot.test.web.reactive.server.WebTestClientContextCustomizer@623a8092, org.springframework.boot.test.autoconfigure.properties.PropertyMappingContextCustomizer@0, org.springframework.boot.test.autoconfigure.web.servlet.WebDriverContextCustomizerFactory$Customizer@65b3f4a4, org.springframework.boot.test.context.SpringBootTestArgs@1], contextLoader = 'org.springframework.boot.test.context.SpringBootContextLoader', parent = [null]], attributes = map['org.springframework.test.context.web.ServletTestExecutionListener.activateListener' -> false]], class annotated with @DirtiesContext [false] with mode [null].
09:51:36.415 [main] DEBUG org.springframework.test.context.support.DependencyInjectionTestExecutionListener - Performing dependency injection for test context [[DefaultTestContext@72d6b3ba testClass = ErrorHandlingAndFallbackIntegrationTest, testInstance = com.example.gateway.ErrorHandlingAndFallbackIntegrationTest@d62fe5b, testMethod = [null], testException = [null], mergedContextConfiguration = [ReactiveWebMergedContextConfiguration@1787f2a0 testClass = ErrorHandlingAndFallbackIntegrationTest, locations = '{}', classes = '{class com.example.gateway.GatewayApplication}', contextInitializerClasses = '[]', activeProfiles = '{}', propertySourceLocations = '{}', propertySourceProperties = '{spring.cloud.gateway.routes[0].id=user-service-error-test, spring.cloud.gateway.routes[0].uri=http://localhost:8091, spring.cloud.gateway.routes[0].predicates[0]=Path=/user/**, spring.cloud.gateway.routes[0].filters[0].name=CircuitBreaker, spring.cloud.gateway.routes[0].filters[0].args.name=user-service-cb, spring.cloud.gateway.routes[0].filters[0].args.fallbackUri=forward:/fallback/user, spring.cloud.gateway.routes[0].filters[1].name=Retry, spring.cloud.gateway.routes[0].filters[1].args.retries=3, spring.cloud.gateway.routes[1].id=product-service-error-test, spring.cloud.gateway.routes[1].uri=http://localhost:8092, spring.cloud.gateway.routes[1].predicates[0]=Path=/product/**, spring.cloud.gateway.routes[1].filters[0].name=CircuitBreaker, spring.cloud.gateway.routes[1].filters[0].args.name=product-service-cb, spring.cloud.gateway.routes[1].filters[0].args.fallbackUri=forward:/fallback/product, spring.cloud.gateway.routes[1].filters[1].name=Retry, spring.cloud.gateway.routes[1].filters[1].args.retries=2, resilience4j.circuitbreaker.instances.user-service-cb.slidingWindowSize=5, resilience4j.circuitbreaker.instances.user-service-cb.minimumNumberOfCalls=3, resilience4j.circuitbreaker.instances.user-service-cb.failureRateThreshold=60, resilience4j.circuitbreaker.instances.user-service-cb.waitDurationInOpenState=5s, resilience4j.circuitbreaker.instances.product-service-cb.slidingWindowSize=5, resilience4j.circuitbreaker.instances.product-service-cb.minimumNumberOfCalls=3, resilience4j.circuitbreaker.instances.product-service-cb.failureRateThreshold=60, resilience4j.circuitbreaker.instances.product-service-cb.waitDurationInOpenState=5s, resilience4j.timelimiter.instances.user-service-cb.timeoutDuration=2s, resilience4j.timelimiter.instances.product-service-cb.timeoutDuration=2s, org.springframework.boot.test.context.SpringBootTestContextBootstrapper=true, server.port=0}', contextCustomizers = set[org.springframework.boot.test.context.filter.ExcludeFilterContextCustomizer@c86b9e3, org.springframework.boot.test.json.DuplicateJsonObjectContextCustomizerFactory$DuplicateJsonObjectContextCustomizer@37271612, org.springframework.boot.test.mock.mockito.MockitoContextCustomizer@0, org.springframework.boot.test.web.client.TestRestTemplateContextCustomizer@683dbc2c, org.springframework.boot.test.web.reactive.server.WebTestClientContextCustomizer@623a8092, org.springframework.boot.test.autoconfigure.properties.PropertyMappingContextCustomizer@0, org.springframework.boot.test.autoconfigure.web.servlet.WebDriverContextCustomizerFactory$Customizer@65b3f4a4, org.springframework.boot.test.context.SpringBootTestArgs@1], contextLoader = 'org.springframework.boot.test.context.SpringBootContextLoader', parent = [null]], attributes = map['org.springframework.test.context.web.ServletTestExecutionListener.activateListener' -> false]]].
09:51:36.441 [main] DEBUG org.springframework.test.context.support.TestPropertySourceUtils - Adding inlined properties to environment: {spring.jmx.enabled=false, spring.cloud.gateway.routes[0].id=user-service-error-test, spring.cloud.gateway.routes[0].uri=http://localhost:8091, spring.cloud.gateway.routes[0].predicates[0]=Path=/user/**, spring.cloud.gateway.routes[0].filters[0].name=CircuitBreaker, spring.cloud.gateway.routes[0].filters[0].args.name=user-service-cb, spring.cloud.gateway.routes[0].filters[0].args.fallbackUri=forward:/fallback/user, spring.cloud.gateway.routes[0].filters[1].name=Retry, spring.cloud.gateway.routes[0].filters[1].args.retries=3, spring.cloud.gateway.routes[1].id=product-service-error-test, spring.cloud.gateway.routes[1].uri=http://localhost:8092, spring.cloud.gateway.routes[1].predicates[0]=Path=/product/**, spring.cloud.gateway.routes[1].filters[0].name=CircuitBreaker, spring.cloud.gateway.routes[1].filters[0].args.name=product-service-cb, spring.cloud.gateway.routes[1].filters[0].args.fallbackUri=forward:/fallback/product, spring.cloud.gateway.routes[1].filters[1].name=Retry, spring.cloud.gateway.routes[1].filters[1].args.retries=2, resilience4j.circuitbreaker.instances.user-service-cb.slidingWindowSize=5, resilience4j.circuitbreaker.instances.user-service-cb.minimumNumberOfCalls=3, resilience4j.circuitbreaker.instances.user-service-cb.failureRateThreshold=60, resilience4j.circuitbreaker.instances.user-service-cb.waitDurationInOpenState=5s, resilience4j.circuitbreaker.instances.product-service-cb.slidingWindowSize=5, resilience4j.circuitbreaker.instances.product-service-cb.minimumNumberOfCalls=3, resilience4j.circuitbreaker.instances.product-service-cb.failureRateThreshold=60, resilience4j.circuitbreaker.instances.product-service-cb.waitDurationInOpenState=5s, resilience4j.timelimiter.instances.user-service-cb.timeoutDuration=2s, resilience4j.timelimiter.instances.product-service-cb.timeoutDuration=2s, org.springframework.boot.test.context.SpringBootTestContextBootstrapper=true, server.port=0}

  .   ____          _            __ _ _
 /\\ / ___'_ __ _ _(_)_ __  __ _ \ \ \ \
( ( )\___ | '_ | '_| | '_ \/ _` | \ \ \ \
 \\/  ___)| |_)| | | | | || (_| |  ) ) ) )
  '  |____| .__|_| |_|_| |_\__, | / / / /
 =========|_|==============|___/=/_/_/_/
 :: Spring Boot ::        (v2.3.2.RELEASE)

2025-09-05 09:51:37.784  INFO 93630 --- [           main] .ErrorHandlingAndFallbackIntegrationTest : No active profile set, falling back to default profiles: default
2025-09-05 09:51:39.003  INFO 93630 --- [           main] o.s.cloud.context.scope.GenericScope     : BeanFactory id=448f57d5-2641-39ff-bee9-20d9c2fb76e8
2025-09-05 09:51:39.168  INFO 93630 --- [           main] org.eclipse.jetty.util.log               : Logging initialized @4126ms to org.eclipse.jetty.util.log.Slf4jLog
2025-09-05 09:51:39.427  INFO 93630 --- [           main] .s.b.w.e.j.JettyReactiveWebServerFactory : Server initialized with port: 0
2025-09-05 09:51:39.438  INFO 93630 --- [           main] org.eclipse.jetty.server.Server          : jetty-9.4.30.v20200611; built: 2020-06-11T12:34:51.929Z; git: 271836e4c1f4612f12b7bb13ef5a92a927634b0d; jvm 1.8.0_452-b09
2025-09-05 09:51:39.528  INFO 93630 --- [           main] o.e.jetty.server.handler.ContextHandler  : Started o.e.j.s.ServletContextHandler@7e4c72d6{/,null,AVAILABLE}
2025-09-05 09:51:39.530  INFO 93630 --- [           main] org.eclipse.jetty.server.Server          : Started @4489ms
2025-09-05 09:51:39.636  INFO 93630 --- [           main] c.e.g.c.DynamicRoutingConfiguration      : Dynamic routing configuration initialized with circuit breaker and retry support
2025-09-05 09:51:41.626  INFO 93630 --- [           main] o.s.c.g.r.RouteDefinitionRouteLocator    : Loaded RoutePredicateFactory [After]
2025-09-05 09:51:41.627  INFO 93630 --- [           main] o.s.c.g.r.RouteDefinitionRouteLocator    : Loaded RoutePredicateFactory [Before]
2025-09-05 09:51:41.627  INFO 93630 --- [           main] o.s.c.g.r.RouteDefinitionRouteLocator    : Loaded RoutePredicateFactory [Between]
2025-09-05 09:51:41.628  INFO 93630 --- [           main] o.s.c.g.r.RouteDefinitionRouteLocator    : Loaded RoutePredicateFactory [Cookie]
2025-09-05 09:51:41.628  INFO 93630 --- [           main] o.s.c.g.r.RouteDefinitionRouteLocator    : Loaded RoutePredicateFactory [Header]
2025-09-05 09:51:41.628  INFO 93630 --- [           main] o.s.c.g.r.RouteDefinitionRouteLocator    : Loaded RoutePredicateFactory [Host]
2025-09-05 09:51:41.628  INFO 93630 --- [           main] o.s.c.g.r.RouteDefinitionRouteLocator    : Loaded RoutePredicateFactory [Method]
2025-09-05 09:51:41.628  INFO 93630 --- [           main] o.s.c.g.r.RouteDefinitionRouteLocator    : Loaded RoutePredicateFactory [Path]
2025-09-05 09:51:41.628  INFO 93630 --- [           main] o.s.c.g.r.RouteDefinitionRouteLocator    : Loaded RoutePredicateFactory [Query]
2025-09-05 09:51:41.628  INFO 93630 --- [           main] o.s.c.g.r.RouteDefinitionRouteLocator    : Loaded RoutePredicateFactory [ReadBodyPredicateFactory]
2025-09-05 09:51:41.628  INFO 93630 --- [           main] o.s.c.g.r.RouteDefinitionRouteLocator    : Loaded RoutePredicateFactory [RemoteAddr]
2025-09-05 09:51:41.628  INFO 93630 --- [           main] o.s.c.g.r.RouteDefinitionRouteLocator    : Loaded RoutePredicateFactory [Weight]
2025-09-05 09:51:41.629  INFO 93630 --- [           main] o.s.c.g.r.RouteDefinitionRouteLocator    : Loaded RoutePredicateFactory [CloudFoundryRouteService]
2025-09-05 09:51:42.866  INFO 93630 --- [           main] o.s.b.a.e.web.EndpointLinksResolver      : Exposing 2 endpoint(s) beneath base path '/actuator'
2025-09-05 09:51:43.958  INFO 93630 --- [           main] o.e.jetty.server.AbstractConnector       : Started ServerConnector@5132c20{HTTP/1.1, (http/1.1)}{0.0.0.0:61308}
2025-09-05 09:51:43.962  INFO 93630 --- [           main] o.s.b.web.embedded.jetty.JettyWebServer  : Jetty started on port(s) 61308 (http/1.1) with context path '/'
2025-09-05 09:51:44.081  INFO 93630 --- [           main] c.e.gateway.config.DynamicRouteLocator   : Loading dynamic routes from configuration
2025-09-05 09:51:44.083  INFO 93630 --- [           main] c.e.gateway.config.DynamicRouteLocator   : No route configurations found
2025-09-05 09:51:44.521  INFO 93630 --- [           main] c.e.gateway.service.RouteRefreshService  : Received RefreshRoutesEvent, routes will be reloaded
2025-09-05 09:51:44.525  WARN 93630 --- [           main] c.e.gateway.service.RouteRefreshService  : No routes found in current configuration
2025-09-05 09:51:44.543  INFO 93630 --- [           main] .ErrorHandlingAndFallbackIntegrationTest : Started ErrorHandlingAndFallbackIntegrationTest in 8.097 seconds (JVM running for 9.503)
2025-09-05 09:51:44.554  INFO 93630 --- [           main] c.e.g.c.GatewayRoutingConfiguration      : Validating gateway routing configuration...
2025-09-05 09:51:44.555  WARN 93630 --- [           main] c.e.g.c.GatewayRoutingConfiguration      : No routes configured in gateway.routes property
2025-09-05 09:51:44.993  INFO 93630 --- [           main] org.eclipse.jetty.server.Server          : jetty-9.4.30.v20200611; built: 2020-06-11T12:34:51.929Z; git: 271836e4c1f4612f12b7bb13ef5a92a927634b0d; jvm 1.8.0_452-b09
2025-09-05 09:51:45.001  INFO 93630 --- [           main] o.e.jetty.server.handler.ContextHandler  : Started o.e.j.s.ServletContextHandler@6e73974{/__admin,null,AVAILABLE}
2025-09-05 09:51:45.003  INFO 93630 --- [           main] o.e.jetty.server.handler.ContextHandler  : Started o.e.j.s.ServletContextHandler@31940704{/,null,AVAILABLE}
2025-09-05 09:51:45.010  INFO 93630 --- [           main] o.e.jetty.server.AbstractConnector       : Started NetworkTrafficServerConnector@5c8ab9de{HTTP/1.1, (http/1.1)}{0.0.0.0:8091}
2025-09-05 09:51:45.012  INFO 93630 --- [           main] org.eclipse.jetty.server.Server          : Started @9972ms
2025-09-05 09:51:45.013  INFO 93630 --- [           main] org.eclipse.jetty.server.Server          : jetty-9.4.30.v20200611; built: 2020-06-11T12:34:51.929Z; git: 271836e4c1f4612f12b7bb13ef5a92a927634b0d; jvm 1.8.0_452-b09
2025-09-05 09:51:45.016  INFO 93630 --- [           main] o.e.jetty.server.handler.ContextHandler  : Started o.e.j.s.ServletContextHandler@2086d469{/__admin,null,AVAILABLE}
2025-09-05 09:51:45.016  INFO 93630 --- [           main] o.e.jetty.server.handler.ContextHandler  : Started o.e.j.s.ServletContextHandler@b1d19ff{/,null,AVAILABLE}
2025-09-05 09:51:45.020  INFO 93630 --- [           main] o.e.jetty.server.AbstractConnector       : Started NetworkTrafficServerConnector@2c678c7b{HTTP/1.1, (http/1.1)}{0.0.0.0:8092}
2025-09-05 09:51:45.027  INFO 93630 --- [           main] org.eclipse.jetty.server.Server          : Started @9985ms
2025-09-05 09:51:45.044  INFO 93630 --- [           main] o.e.jetty.server.AbstractConnector       : Stopped NetworkTrafficServerConnector@5c8ab9de{HTTP/1.1, (http/1.1)}{0.0.0.0:8091}
2025-09-05 09:51:45.045  INFO 93630 --- [           main] o.e.jetty.server.handler.ContextHandler  : Stopped o.e.j.s.ServletContextHandler@31940704{/,null,UNAVAILABLE}
2025-09-05 09:51:45.045  INFO 93630 --- [           main] o.e.jetty.server.handler.ContextHandler  : Stopped o.e.j.s.ServletContextHandler@6e73974{/__admin,null,UNAVAILABLE}
2025-09-05 09:51:45.245  INFO 93630 --- [ttp@58ba5b30-24] c.e.gateway.filter.RequestLoggingFilter  : Incoming request: GET http://localhost:61308/user/1 from /127.0.0.1:61309
2025-09-05 09:51:45.257 ERROR 93630 --- [ttp@58ba5b30-24] c.e.gateway.filter.RequestLoggingFilter  : Request failed: GET /user/1 after 12ms - org.springframework.core.io.buffer.DefaultDataBufferFactory cannot be cast to org.springframework.core.io.buffer.NettyDataBufferFactory
2025-09-05 09:51:45.298 ERROR 93630 --- [ttp@58ba5b30-24] a.w.r.e.AbstractErrorWebExceptionHandler : [6606d3db]  500 Server Error for HTTP GET "/user/1"

java.lang.ClassCastException: org.springframework.core.io.buffer.DefaultDataBufferFactory cannot be cast to org.springframework.core.io.buffer.NettyDataBufferFactory
	at org.springframework.cloud.gateway.support.ServerWebExchangeUtils.cacheRequestBody(ServerWebExchangeUtils.java:362) ~[spring-cloud-gateway-core-2.2.4.RELEASE.jar:2.2.4.RELEASE]
	Suppressed: reactor.core.publisher.FluxOnAssembly$OnAssemblyException: 
Error has been observed at the following site(s):
	|_ checkpoint ⇢ org.springframework.cloud.gateway.filter.WeightCalculatorWebFilter [DefaultWebFilterChain]
	|_ checkpoint ⇢ org.springframework.boot.actuate.metrics.web.reactive.server.MetricsWebFilter [DefaultWebFilterChain]
	|_ checkpoint ⇢ HTTP GET "/user/1" [ExceptionHandlingWebHandler]
Stack trace:
		at org.springframework.cloud.gateway.support.ServerWebExchangeUtils.cacheRequestBody(ServerWebExchangeUtils.java:362) ~[spring-cloud-gateway-core-2.2.4.RELEASE.jar:2.2.4.RELEASE]
		at org.springframework.cloud.gateway.support.ServerWebExchangeUtils.cacheRequestBody(ServerWebExchangeUtils.java:340) ~[spring-cloud-gateway-core-2.2.4.RELEASE.jar:2.2.4.RELEASE]
		at org.springframework.cloud.gateway.filter.AdaptCachedBodyGlobalFilter.filter(AdaptCachedBodyGlobalFilter.java:73) ~[spring-cloud-gateway-core-2.2.4.RELEASE.jar:2.2.4.RELEASE]
		at org.springframework.cloud.gateway.handler.FilteringWebHandler$GatewayFilterAdapter.filter(FilteringWebHandler.java:138) ~[spring-cloud-gateway-core-2.2.4.RELEASE.jar:2.2.4.RELEASE]
		at org.springframework.cloud.gateway.filter.OrderedGatewayFilter.filter(OrderedGatewayFilter.java:44) ~[spring-cloud-gateway-core-2.2.4.RELEASE.jar:2.2.4.RELEASE]
		at org.springframework.cloud.gateway.handler.FilteringWebHandler$DefaultGatewayFilterChain.lambda$filter$0(FilteringWebHandler.java:118) ~[spring-cloud-gateway-core-2.2.4.RELEASE.jar:2.2.4.RELEASE]
		at reactor.core.publisher.MonoDefer.subscribe(MonoDefer.java:44) [reactor-core-3.3.8.RELEASE.jar:3.3.8.RELEASE]
		at reactor.core.publisher.InternalMonoOperator.subscribe(InternalMonoOperator.java:64) ~[reactor-core-3.3.8.RELEASE.jar:3.3.8.RELEASE]
		at reactor.core.publisher.MonoDefer.subscribe(MonoDefer.java:52) [reactor-core-3.3.8.RELEASE.jar:3.3.8.RELEASE]
		at reactor.core.publisher.InternalMonoOperator.subscribe(InternalMonoOperator.java:64) ~[reactor-core-3.3.8.RELEASE.jar:3.3.8.RELEASE]
		at reactor.core.publisher.MonoDefer.subscribe(MonoDefer.java:52) [reactor-core-3.3.8.RELEASE.jar:3.3.8.RELEASE]
		at reactor.core.publisher.Mono.subscribe(Mono.java:4213) ~[reactor-core-3.3.8.RELEASE.jar:3.3.8.RELEASE]
		at reactor.core.publisher.MonoIgnoreThen$ThenIgnoreMain.drain(MonoIgnoreThen.java:172) ~[reactor-core-3.3.8.RELEASE.jar:3.3.8.RELEASE]
		at reactor.core.publisher.MonoIgnoreThen.subscribe(MonoIgnoreThen.java:56) ~[reactor-core-3.3.8.RELEASE.jar:3.3.8.RELEASE]
		at reactor.core.publisher.MonoFlatMap$FlatMapMain.onNext(MonoFlatMap.java:150) ~[reactor-core-3.3.8.RELEASE.jar:3.3.8.RELEASE]
		at reactor.core.publisher.FluxSwitchIfEmpty$SwitchIfEmptySubscriber.onNext(FluxSwitchIfEmpty.java:67) ~[reactor-core-3.3.8.RELEASE.jar:3.3.8.RELEASE]
		at reactor.core.publisher.MonoNext$NextSubscriber.onNext(MonoNext.java:76) ~[reactor-core-3.3.8.RELEASE.jar:3.3.8.RELEASE]
		at reactor.core.publisher.FluxConcatMap$ConcatMapImmediate.innerNext(FluxConcatMap.java:274) ~[reactor-core-3.3.8.RELEASE.jar:3.3.8.RELEASE]
		at reactor.core.publisher.FluxConcatMap$ConcatMapInner.onNext(FluxConcatMap.java:851) ~[reactor-core-3.3.8.RELEASE.jar:3.3.8.RELEASE]
		at reactor.core.publisher.FluxMap$MapSubscriber.onNext(FluxMap.java:114) ~[reactor-core-3.3.8.RELEASE.jar:3.3.8.RELEASE]
		at reactor.core.publisher.FluxSwitchIfEmpty$SwitchIfEmptySubscriber.onNext(FluxSwitchIfEmpty.java:67) ~[reactor-core-3.3.8.RELEASE.jar:3.3.8.RELEASE]
		at reactor.core.publisher.Operators$MonoSubscriber.complete(Operators.java:1782) ~[reactor-core-3.3.8.RELEASE.jar:3.3.8.RELEASE]
		at reactor.core.publisher.MonoFlatMap$FlatMapMain.onNext(MonoFlatMap.java:144) ~[reactor-core-3.3.8.RELEASE.jar:3.3.8.RELEASE]
		at reactor.core.publisher.FluxMap$MapSubscriber.onNext(FluxMap.java:114) ~[reactor-core-3.3.8.RELEASE.jar:3.3.8.RELEASE]
		at reactor.core.publisher.MonoNext$NextSubscriber.onNext(MonoNext.java:76) ~[reactor-core-3.3.8.RELEASE.jar:3.3.8.RELEASE]
		at reactor.core.publisher.FluxConcatMap$ConcatMapImmediate.innerNext(FluxConcatMap.java:274) ~[reactor-core-3.3.8.RELEASE.jar:3.3.8.RELEASE]
		at reactor.core.publisher.FluxConcatMap$ConcatMapInner.onNext(FluxConcatMap.java:851) ~[reactor-core-3.3.8.RELEASE.jar:3.3.8.RELEASE]
		at reactor.core.publisher.FluxOnErrorResume$ResumeSubscriber.onNext(FluxOnErrorResume.java:73) ~[reactor-core-3.3.8.RELEASE.jar:3.3.8.RELEASE]
		at reactor.core.publisher.MonoPeekTerminal$MonoTerminalPeekSubscriber.onNext(MonoPeekTerminal.java:173) ~[reactor-core-3.3.8.RELEASE.jar:3.3.8.RELEASE]
		at reactor.core.publisher.Operators$MonoSubscriber.complete(Operators.java:1782) ~[reactor-core-3.3.8.RELEASE.jar:3.3.8.RELEASE]
		at reactor.core.publisher.MonoFilterWhen$MonoFilterWhenMain.onNext(MonoFilterWhen.java:140) ~[reactor-core-3.3.8.RELEASE.jar:3.3.8.RELEASE]
		at reactor.core.publisher.Operators$ScalarSubscription.request(Operators.java:2344) ~[reactor-core-3.3.8.RELEASE.jar:3.3.8.RELEASE]
		at reactor.core.publisher.MonoFilterWhen$MonoFilterWhenMain.onSubscribe(MonoFilterWhen.java:103) ~[reactor-core-3.3.8.RELEASE.jar:3.3.8.RELEASE]
		at reactor.core.publisher.MonoJust.subscribe(MonoJust.java:54) ~[reactor-core-3.3.8.RELEASE.jar:3.3.8.RELEASE]
		at reactor.core.publisher.Mono.subscribe(Mono.java:4213) ~[reactor-core-3.3.8.RELEASE.jar:3.3.8.RELEASE]
		at reactor.core.publisher.FluxConcatMap$ConcatMapImmediate.drain(FluxConcatMap.java:441) ~[reactor-core-3.3.8.RELEASE.jar:3.3.8.RELEASE]
		at reactor.core.publisher.FluxConcatMap$ConcatMapImmediate.onNext(FluxConcatMap.java:243) ~[reactor-core-3.3.8.RELEASE.jar:3.3.8.RELEASE]
		at reactor.core.publisher.FluxDematerialize$DematerializeSubscriber.onNext(FluxDematerialize.java:91) ~[reactor-core-3.3.8.RELEASE.jar:3.3.8.RELEASE]
		at reactor.core.publisher.FluxDematerialize$DematerializeSubscriber.onNext(FluxDematerialize.java:38) ~[reactor-core-3.3.8.RELEASE.jar:3.3.8.RELEASE]
		at reactor.core.publisher.FluxIterable$IterableSubscription.slowPath(FluxIterable.java:267) ~[reactor-core-3.3.8.RELEASE.jar:3.3.8.RELEASE]
		at reactor.core.publisher.FluxIterable$IterableSubscription.request(FluxIterable.java:225) ~[reactor-core-3.3.8.RELEASE.jar:3.3.8.RELEASE]
		at reactor.core.publisher.FluxDematerialize$DematerializeSubscriber.request(FluxDematerialize.java:120) ~[reactor-core-3.3.8.RELEASE.jar:3.3.8.RELEASE]
		at reactor.core.publisher.FluxConcatMap$ConcatMapImmediate.onSubscribe(FluxConcatMap.java:228) ~[reactor-core-3.3.8.RELEASE.jar:3.3.8.RELEASE]
		at reactor.core.publisher.FluxDematerialize$DematerializeSubscriber.onSubscribe(FluxDematerialize.java:70) ~[reactor-core-3.3.8.RELEASE.jar:3.3.8.RELEASE]
		at reactor.core.publisher.FluxIterable.subscribe(FluxIterable.java:161) ~[reactor-core-3.3.8.RELEASE.jar:3.3.8.RELEASE]
		at reactor.core.publisher.FluxIterable.subscribe(FluxIterable.java:86) ~[reactor-core-3.3.8.RELEASE.jar:3.3.8.RELEASE]
		at reactor.core.publisher.InternalFluxOperator.subscribe(InternalFluxOperator.java:62) ~[reactor-core-3.3.8.RELEASE.jar:3.3.8.RELEASE]
		at reactor.core.publisher.FluxDefer.subscribe(FluxDefer.java:54) ~[reactor-core-3.3.8.RELEASE.jar:3.3.8.RELEASE]
		at reactor.core.publisher.Mono.subscribe(Mono.java:4213) ~[reactor-core-3.3.8.RELEASE.jar:3.3.8.RELEASE]
		at reactor.core.publisher.FluxConcatMap$ConcatMapImmediate.drain(FluxConcatMap.java:441) ~[reactor-core-3.3.8.RELEASE.jar:3.3.8.RELEASE]
		at reactor.core.publisher.FluxConcatMap$ConcatMapImmediate.onSubscribe(FluxConcatMap.java:211) ~[reactor-core-3.3.8.RELEASE.jar:3.3.8.RELEASE]
		at reactor.core.publisher.FluxIterable.subscribe(FluxIterable.java:161) ~[reactor-core-3.3.8.RELEASE.jar:3.3.8.RELEASE]
		at reactor.core.publisher.FluxIterable.subscribe(FluxIterable.java:86) ~[reactor-core-3.3.8.RELEASE.jar:3.3.8.RELEASE]
		at reactor.core.publisher.InternalMonoOperator.subscribe(InternalMonoOperator.java:64) ~[reactor-core-3.3.8.RELEASE.jar:3.3.8.RELEASE]
		at reactor.core.publisher.MonoDefer.subscribe(MonoDefer.java:52) [reactor-core-3.3.8.RELEASE.jar:3.3.8.RELEASE]
		at reactor.core.publisher.InternalMonoOperator.subscribe(InternalMonoOperator.java:64) ~[reactor-core-3.3.8.RELEASE.jar:3.3.8.RELEASE]
		at reactor.core.publisher.MonoDefer.subscribe(MonoDefer.java:52) [reactor-core-3.3.8.RELEASE.jar:3.3.8.RELEASE]
		at reactor.core.publisher.InternalMonoOperator.subscribe(InternalMonoOperator.java:64) ~[reactor-core-3.3.8.RELEASE.jar:3.3.8.RELEASE]
		at reactor.core.publisher.MonoDefer.subscribe(MonoDefer.java:52) [reactor-core-3.3.8.RELEASE.jar:3.3.8.RELEASE]
		at reactor.core.publisher.InternalMonoOperator.subscribe(InternalMonoOperator.java:64) ~[reactor-core-3.3.8.RELEASE.jar:3.3.8.RELEASE]
		at reactor.core.publisher.MonoDefer.subscribe(MonoDefer.java:52) [reactor-core-3.3.8.RELEASE.jar:3.3.8.RELEASE]
		at reactor.core.publisher.Mono.subscribe(Mono.java:4213) ~[reactor-core-3.3.8.RELEASE.jar:3.3.8.RELEASE]
		at reactor.core.publisher.MonoIgnoreThen$ThenIgnoreMain.drain(MonoIgnoreThen.java:172) ~[reactor-core-3.3.8.RELEASE.jar:3.3.8.RELEASE]
		at reactor.core.publisher.MonoIgnoreThen.subscribe(MonoIgnoreThen.java:56) ~[reactor-core-3.3.8.RELEASE.jar:3.3.8.RELEASE]
		at reactor.core.publisher.Mono.subscribe(Mono.java:4213) ~[reactor-core-3.3.8.RELEASE.jar:3.3.8.RELEASE]
		at org.springframework.http.server.reactive.ServletHttpHandlerAdapter.service(ServletHttpHandlerAdapter.java:192) ~[spring-web-5.2.8.RELEASE.jar:5.2.8.RELEASE]
		at org.eclipse.jetty.servlet.ServletHolder.handle(ServletHolder.java:763) ~[jetty-servlet-9.4.30.v20200611.jar:9.4.30.v20200611]
		at org.eclipse.jetty.servlet.ServletHandler.doHandle(ServletHandler.java:551) ~[jetty-servlet-9.4.30.v20200611.jar:9.4.30.v20200611]
		at org.eclipse.jetty.server.handler.ScopedHandler.nextHandle(ScopedHandler.java:233) ~[jetty-server-9.4.30.v20200611.jar:9.4.30.v20200611]
		at org.eclipse.jetty.server.handler.ContextHandler.doHandle(ContextHandler.java:1369) ~[jetty-server-9.4.30.v20200611.jar:9.4.30.v20200611]
		at org.eclipse.jetty.server.handler.ScopedHandler.nextScope(ScopedHandler.java:188) ~[jetty-server-9.4.30.v20200611.jar:9.4.30.v20200611]
		at org.eclipse.jetty.servlet.ServletHandler.doScope(ServletHandler.java:489) ~[jetty-servlet-9.4.30.v20200611.jar:9.4.30.v20200611]
		at org.eclipse.jetty.server.handler.ScopedHandler.nextScope(ScopedHandler.java:186) ~[jetty-server-9.4.30.v20200611.jar:9.4.30.v20200611]
		at org.eclipse.jetty.server.handler.ContextHandler.doScope(ContextHandler.java:1284) ~[jetty-server-9.4.30.v20200611.jar:9.4.30.v20200611]
		at org.eclipse.jetty.server.handler.ScopedHandler.handle(ScopedHandler.java:141) ~[jetty-server-9.4.30.v20200611.jar:9.4.30.v20200611]
		at org.eclipse.jetty.server.handler.HandlerWrapper.handle(HandlerWrapper.java:127) ~[jetty-server-9.4.30.v20200611.jar:9.4.30.v20200611]
		at org.eclipse.jetty.server.Server.handle(Server.java:501) ~[jetty-server-9.4.30.v20200611.jar:9.4.30.v20200611]
		at org.eclipse.jetty.server.HttpChannel.lambda$handle$1(HttpChannel.java:383) ~[jetty-server-9.4.30.v20200611.jar:9.4.30.v20200611]
		at org.eclipse.jetty.server.HttpChannel.dispatch(HttpChannel.java:556) ~[jetty-server-9.4.30.v20200611.jar:9.4.30.v20200611]
		at org.eclipse.jetty.server.HttpChannel.handle(HttpChannel.java:375) ~[jetty-server-9.4.30.v20200611.jar:9.4.30.v20200611]
		at org.eclipse.jetty.server.HttpConnection.onFillable(HttpConnection.java:272) ~[jetty-server-9.4.30.v20200611.jar:9.4.30.v20200611]
		at org.eclipse.jetty.io.AbstractConnection$ReadCallback.succeeded(AbstractConnection.java:311) ~[jetty-io-9.4.30.v20200611.jar:9.4.30.v20200611]
		at org.eclipse.jetty.io.FillInterest.fillable(FillInterest.java:103) ~[jetty-io-9.4.30.v20200611.jar:9.4.30.v20200611]
		at org.eclipse.jetty.io.ChannelEndPoint$1.run(ChannelEndPoint.java:104) ~[jetty-io-9.4.30.v20200611.jar:9.4.30.v20200611]
		at org.eclipse.jetty.util.thread.QueuedThreadPool.runJob(QueuedThreadPool.java:806) ~[jetty-util-9.4.30.v20200611.jar:9.4.30.v20200611]
		at org.eclipse.jetty.util.thread.QueuedThreadPool$Runner.run(QueuedThreadPool.java:938) ~[jetty-util-9.4.30.v20200611.jar:9.4.30.v20200611]
		at java.lang.Thread.run(Thread.java:750) ~[na:1.8.0_452]

2025-09-05 09:51:45.463  INFO 93630 --- [           main] o.e.jetty.server.AbstractConnector       : Stopped NetworkTrafficServerConnector@2c678c7b{HTTP/1.1, (http/1.1)}{0.0.0.0:8092}
2025-09-05 09:51:45.463  INFO 93630 --- [           main] o.e.jetty.server.handler.ContextHandler  : Stopped o.e.j.s.ServletContextHandler@b1d19ff{/,null,UNAVAILABLE}
2025-09-05 09:51:45.464  INFO 93630 --- [           main] o.e.jetty.server.handler.ContextHandler  : Stopped o.e.j.s.ServletContextHandler@2086d469{/__admin,null,UNAVAILABLE}
]]></system-out>
  </testcase>
</testsuite>