<?xml version="1.0" encoding="UTF-8"?>
<testsuite xmlns:xsi="http://www.w3.org/2001/XMLSchema-instance" xsi:noNamespaceSchemaLocation="https://maven.apache.org/surefire/maven-surefire-plugin/xsd/surefire-test-report-3.0.xsd" version="3.0" name="com.example.gateway.ConnectionPoolPropertiesTest" time="6.799" tests="1" errors="0" skipped="0" failures="0">
  <properties>
[...]
</properties>
  <testcase name="testConnectionPoolPropertiesLoaded" classname="com.example.gateway.ConnectionPoolPropertiesTest" time="0.421">
    <system-out><![CDATA[00:09:03.765 [main] DEBUG org.springframework.test.context.BootstrapUtils - Instantiating CacheAwareContextLoaderDelegate from class [org.springframework.test.context.cache.DefaultCacheAwareContextLoaderDelegate]
00:09:03.773 [main] DEBUG org.springframework.test.context.BootstrapUtils - Instantiating BootstrapContext using constructor [public org.springframework.test.context.support.DefaultBootstrapContext(java.lang.Class,org.springframework.test.context.CacheAwareContextLoaderDelegate)]
00:09:03.808 [main] DEBUG org.springframework.test.context.BootstrapUtils - Instantiating TestContextBootstrapper for test class [com.example.gateway.ConnectionPoolPropertiesTest] from class [org.springframework.boot.test.context.SpringBootTestContextBootstrapper]
00:09:03.822 [main] INFO org.springframework.boot.test.context.SpringBootTestContextBootstrapper - Neither @ContextConfiguration nor @ContextHierarchy found for test class [com.example.gateway.ConnectionPoolPropertiesTest], using SpringBootContextLoader
00:09:03.825 [main] DEBUG org.springframework.test.context.support.AbstractContextLoader - Did not detect default resource location for test class [com.example.gateway.ConnectionPoolPropertiesTest]: class path resource [com/example/gateway/ConnectionPoolPropertiesTest-context.xml] does not exist
00:09:03.826 [main] DEBUG org.springframework.test.context.support.AbstractContextLoader - Did not detect default resource location for test class [com.example.gateway.ConnectionPoolPropertiesTest]: class path resource [com/example/gateway/ConnectionPoolPropertiesTestContext.groovy] does not exist
00:09:03.826 [main] INFO org.springframework.test.context.support.AbstractContextLoader - Could not detect default resource locations for test class [com.example.gateway.ConnectionPoolPropertiesTest]: no resource found for suffixes {-context.xml, Context.groovy}.
00:09:03.826 [main] INFO org.springframework.test.context.support.AnnotationConfigContextLoaderUtils - Could not detect default configuration classes for test class [com.example.gateway.ConnectionPoolPropertiesTest]: ConnectionPoolPropertiesTest does not declare any static, non-private, non-final, nested classes annotated with @Configuration.
00:09:03.870 [main] DEBUG org.springframework.test.context.support.ActiveProfilesUtils - Could not find an 'annotation declaring class' for annotation type [org.springframework.test.context.ActiveProfiles] and class [com.example.gateway.ConnectionPoolPropertiesTest]
00:09:03.992 [main] DEBUG org.springframework.context.annotation.ClassPathScanningCandidateComponentProvider - Identified candidate component class: file [/Users/ip192/work/Projects/java/gateway-demo/gateway-service/target/classes/com/example/gateway/GatewayApplication.class]
00:09:03.994 [main] INFO org.springframework.boot.test.context.SpringBootTestContextBootstrapper - Found @SpringBootConfiguration com.example.gateway.GatewayApplication for test class com.example.gateway.ConnectionPoolPropertiesTest
00:09:04.067 [main] DEBUG org.springframework.boot.test.context.SpringBootTestContextBootstrapper - @TestExecutionListeners is not present for class [com.example.gateway.ConnectionPoolPropertiesTest]: using defaults.
00:09:04.068 [main] INFO org.springframework.boot.test.context.SpringBootTestContextBootstrapper - Loaded default TestExecutionListener class names from location [META-INF/spring.factories]: [org.springframework.boot.test.mock.mockito.MockitoTestExecutionListener, org.springframework.boot.test.mock.mockito.ResetMocksTestExecutionListener, org.springframework.boot.test.autoconfigure.restdocs.RestDocsTestExecutionListener, org.springframework.boot.test.autoconfigure.web.client.MockRestServiceServerResetTestExecutionListener, org.springframework.boot.test.autoconfigure.web.servlet.MockMvcPrintOnlyOnFailureTestExecutionListener, org.springframework.boot.test.autoconfigure.web.servlet.WebDriverTestExecutionListener, org.springframework.boot.test.autoconfigure.webservices.client.MockWebServiceServerTestExecutionListener, org.springframework.test.context.web.ServletTestExecutionListener, org.springframework.test.context.support.DirtiesContextBeforeModesTestExecutionListener, org.springframework.test.context.support.DependencyInjectionTestExecutionListener, org.springframework.test.context.support.DirtiesContextTestExecutionListener, org.springframework.test.context.transaction.TransactionalTestExecutionListener, org.springframework.test.context.jdbc.SqlScriptsTestExecutionListener, org.springframework.test.context.event.EventPublishingTestExecutionListener]
00:09:04.078 [main] DEBUG org.springframework.boot.test.context.SpringBootTestContextBootstrapper - Skipping candidate TestExecutionListener [org.springframework.test.context.transaction.TransactionalTestExecutionListener] due to a missing dependency. Specify custom listener classes or make the default listener classes and their required dependencies available. Offending class: [org/springframework/transaction/TransactionDefinition]
00:09:04.079 [main] DEBUG org.springframework.boot.test.context.SpringBootTestContextBootstrapper - Skipping candidate TestExecutionListener [org.springframework.test.context.jdbc.SqlScriptsTestExecutionListener] due to a missing dependency. Specify custom listener classes or make the default listener classes and their required dependencies available. Offending class: [org/springframework/transaction/interceptor/TransactionAttribute]
00:09:04.079 [main] INFO org.springframework.boot.test.context.SpringBootTestContextBootstrapper - Using TestExecutionListeners: [org.springframework.test.context.web.ServletTestExecutionListener@68878f6d, org.springframework.test.context.support.DirtiesContextBeforeModesTestExecutionListener@41488b16, org.springframework.boot.test.mock.mockito.MockitoTestExecutionListener@a8ef162, org.springframework.boot.test.autoconfigure.SpringBootDependencyInjectionTestExecutionListener@2eea88a1, org.springframework.test.context.support.DirtiesContextTestExecutionListener@7ac296f6, org.springframework.test.context.event.EventPublishingTestExecutionListener@7fd7a283, org.springframework.boot.test.mock.mockito.ResetMocksTestExecutionListener@22f59fa, org.springframework.boot.test.autoconfigure.restdocs.RestDocsTestExecutionListener@78fa769e, org.springframework.boot.test.autoconfigure.web.client.MockRestServiceServerResetTestExecutionListener@16612a51, org.springframework.boot.test.autoconfigure.web.servlet.MockMvcPrintOnlyOnFailureTestExecutionListener@54e041a4, org.springframework.boot.test.autoconfigure.web.servlet.WebDriverTestExecutionListener@2c78324b, org.springframework.boot.test.autoconfigure.webservices.client.MockWebServiceServerTestExecutionListener@79defdc]
00:09:04.081 [main] DEBUG org.springframework.test.context.support.AbstractDirtiesContextTestExecutionListener - Before test class: context [DefaultTestContext@4c2bb6e0 testClass = ConnectionPoolPropertiesTest, testInstance = [null], testMethod = [null], testException = [null], mergedContextConfiguration = [ReactiveWebMergedContextConfiguration@3e62d773 testClass = ConnectionPoolPropertiesTest, locations = '{}', classes = '{class com.example.gateway.GatewayApplication}', contextInitializerClasses = '[]', activeProfiles = '{}', propertySourceLocations = '{}', propertySourceProperties = '{spring.cloud.gateway.httpclient.pool.max-connections=50, spring.cloud.gateway.httpclient.pool.max-idle-time=30s, spring.cloud.gateway.httpclient.pool.max-life-time=60s, spring.cloud.gateway.httpclient.pool.acquire-timeout=5000, spring.cloud.gateway.httpclient.connect-timeout=3000, spring.cloud.gateway.httpclient.response-timeout=10s, spring.cloud.gateway.routes[0].id=pool-test-route, spring.cloud.gateway.routes[0].uri=http://localhost:8092, spring.cloud.gateway.routes[0].predicates[0]=Path=/pool/**, org.springframework.boot.test.context.SpringBootTestContextBootstrapper=true, server.port=0}', contextCustomizers = set[org.springframework.boot.test.context.filter.ExcludeFilterContextCustomizer@5fbe4146, org.springframework.boot.test.json.DuplicateJsonObjectContextCustomizerFactory$DuplicateJsonObjectContextCustomizer@7530ad9c, org.springframework.boot.test.mock.mockito.MockitoContextCustomizer@0, org.springframework.boot.test.web.client.TestRestTemplateContextCustomizer@757277dc, org.springframework.boot.test.web.reactive.server.WebTestClientContextCustomizer@ed7f8b4, org.springframework.boot.test.autoconfigure.properties.PropertyMappingContextCustomizer@0, org.springframework.boot.test.autoconfigure.web.servlet.WebDriverContextCustomizerFactory$Customizer@6a2b953e, org.springframework.boot.test.context.SpringBootTestArgs@1], contextLoader = 'org.springframework.boot.test.context.SpringBootContextLoader', parent = [null]], attributes = map['org.springframework.test.context.web.ServletTestExecutionListener.activateListener' -> false]], class annotated with @DirtiesContext [false] with mode [null].
00:09:04.139 [main] DEBUG org.springframework.test.context.support.DependencyInjectionTestExecutionListener - Performing dependency injection for test context [[DefaultTestContext@4c2bb6e0 testClass = ConnectionPoolPropertiesTest, testInstance = com.example.gateway.ConnectionPoolPropertiesTest@a1f72f5, testMethod = [null], testException = [null], mergedContextConfiguration = [ReactiveWebMergedContextConfiguration@3e62d773 testClass = ConnectionPoolPropertiesTest, locations = '{}', classes = '{class com.example.gateway.GatewayApplication}', contextInitializerClasses = '[]', activeProfiles = '{}', propertySourceLocations = '{}', propertySourceProperties = '{spring.cloud.gateway.httpclient.pool.max-connections=50, spring.cloud.gateway.httpclient.pool.max-idle-time=30s, spring.cloud.gateway.httpclient.pool.max-life-time=60s, spring.cloud.gateway.httpclient.pool.acquire-timeout=5000, spring.cloud.gateway.httpclient.connect-timeout=3000, spring.cloud.gateway.httpclient.response-timeout=10s, spring.cloud.gateway.routes[0].id=pool-test-route, spring.cloud.gateway.routes[0].uri=http://localhost:8092, spring.cloud.gateway.routes[0].predicates[0]=Path=/pool/**, org.springframework.boot.test.context.SpringBootTestContextBootstrapper=true, server.port=0}', contextCustomizers = set[org.springframework.boot.test.context.filter.ExcludeFilterContextCustomizer@5fbe4146, org.springframework.boot.test.json.DuplicateJsonObjectContextCustomizerFactory$DuplicateJsonObjectContextCustomizer@7530ad9c, org.springframework.boot.test.mock.mockito.MockitoContextCustomizer@0, org.springframework.boot.test.web.client.TestRestTemplateContextCustomizer@757277dc, org.springframework.boot.test.web.reactive.server.WebTestClientContextCustomizer@ed7f8b4, org.springframework.boot.test.autoconfigure.properties.PropertyMappingContextCustomizer@0, org.springframework.boot.test.autoconfigure.web.servlet.WebDriverContextCustomizerFactory$Customizer@6a2b953e, org.springframework.boot.test.context.SpringBootTestArgs@1], contextLoader = 'org.springframework.boot.test.context.SpringBootContextLoader', parent = [null]], attributes = map['org.springframework.test.context.web.ServletTestExecutionListener.activateListener' -> false]]].
00:09:04.163 [main] DEBUG org.springframework.test.context.support.TestPropertySourceUtils - Adding inlined properties to environment: {spring.jmx.enabled=false, spring.cloud.gateway.httpclient.pool.max-connections=50, spring.cloud.gateway.httpclient.pool.max-idle-time=30s, spring.cloud.gateway.httpclient.pool.max-life-time=60s, spring.cloud.gateway.httpclient.pool.acquire-timeout=5000, spring.cloud.gateway.httpclient.connect-timeout=3000, spring.cloud.gateway.httpclient.response-timeout=10s, spring.cloud.gateway.routes[0].id=pool-test-route, spring.cloud.gateway.routes[0].uri=http://localhost:8092, spring.cloud.gateway.routes[0].predicates[0]=Path=/pool/**, org.springframework.boot.test.context.SpringBootTestContextBootstrapper=true, server.port=0}

  .   ____          _            __ _ _
 /\\ / ___'_ __ _ _(_)_ __  __ _ \ \ \ \
( ( )\___ | '_ | '_| | '_ \/ _` | \ \ \ \
 \\/  ___)| |_)| | | | | || (_| |  ) ) ) )
  '  |____| .__|_| |_|_| |_\__, | / / / /
 =========|_|==============|___/=/_/_/_/
 :: Spring Boot ::        (v2.3.2.RELEASE)

2025-09-07 00:09:05.078  INFO 17108 --- [           main] c.e.g.ConnectionPoolPropertiesTest       : No active profile set, falling back to default profiles: default
2025-09-07 00:09:06.028  INFO 17108 --- [           main] o.s.cloud.context.scope.GenericScope     : BeanFactory id=93baae12-64d2-3595-8d5f-2ea1ab75a61c
2025-09-07 00:09:06.186  INFO 17108 --- [           main] org.eclipse.jetty.util.log               : Logging initialized @3221ms to org.eclipse.jetty.util.log.Slf4jLog
2025-09-07 00:09:06.423  INFO 17108 --- [           main] .s.b.w.e.j.JettyReactiveWebServerFactory : Server initialized with port: 0
2025-09-07 00:09:06.430  INFO 17108 --- [           main] org.eclipse.jetty.server.Server          : jetty-9.4.30.v20200611; built: 2020-06-11T12:34:51.929Z; git: 271836e4c1f4612f12b7bb13ef5a92a927634b0d; jvm 1.8.0_452-b09
2025-09-07 00:09:06.490  INFO 17108 --- [           main] o.e.jetty.server.handler.ContextHandler  : Started o.e.j.s.ServletContextHandler@8d8f754{/,null,AVAILABLE}
2025-09-07 00:09:06.492  INFO 17108 --- [           main] org.eclipse.jetty.server.Server          : Started @3527ms
2025-09-07 00:09:06.583  INFO 17108 --- [           main] c.e.g.c.DynamicRoutingConfiguration      : Dynamic routing configuration initialized with circuit breaker and retry support
2025-09-07 00:09:08.420  INFO 17108 --- [           main] o.s.c.g.r.RouteDefinitionRouteLocator    : Loaded RoutePredicateFactory [After]
2025-09-07 00:09:08.422  INFO 17108 --- [           main] o.s.c.g.r.RouteDefinitionRouteLocator    : Loaded RoutePredicateFactory [Before]
2025-09-07 00:09:08.422  INFO 17108 --- [           main] o.s.c.g.r.RouteDefinitionRouteLocator    : Loaded RoutePredicateFactory [Between]
2025-09-07 00:09:08.422  INFO 17108 --- [           main] o.s.c.g.r.RouteDefinitionRouteLocator    : Loaded RoutePredicateFactory [Cookie]
2025-09-07 00:09:08.422  INFO 17108 --- [           main] o.s.c.g.r.RouteDefinitionRouteLocator    : Loaded RoutePredicateFactory [Header]
2025-09-07 00:09:08.422  INFO 17108 --- [           main] o.s.c.g.r.RouteDefinitionRouteLocator    : Loaded RoutePredicateFactory [Host]
2025-09-07 00:09:08.422  INFO 17108 --- [           main] o.s.c.g.r.RouteDefinitionRouteLocator    : Loaded RoutePredicateFactory [Method]
2025-09-07 00:09:08.422  INFO 17108 --- [           main] o.s.c.g.r.RouteDefinitionRouteLocator    : Loaded RoutePredicateFactory [Path]
2025-09-07 00:09:08.422  INFO 17108 --- [           main] o.s.c.g.r.RouteDefinitionRouteLocator    : Loaded RoutePredicateFactory [Query]
2025-09-07 00:09:08.422  INFO 17108 --- [           main] o.s.c.g.r.RouteDefinitionRouteLocator    : Loaded RoutePredicateFactory [ReadBodyPredicateFactory]
2025-09-07 00:09:08.423  INFO 17108 --- [           main] o.s.c.g.r.RouteDefinitionRouteLocator    : Loaded RoutePredicateFactory [RemoteAddr]
2025-09-07 00:09:08.423  INFO 17108 --- [           main] o.s.c.g.r.RouteDefinitionRouteLocator    : Loaded RoutePredicateFactory [Weight]
2025-09-07 00:09:08.423  INFO 17108 --- [           main] o.s.c.g.r.RouteDefinitionRouteLocator    : Loaded RoutePredicateFactory [CloudFoundryRouteService]
2025-09-07 00:09:09.235  INFO 17108 --- [           main] o.s.b.a.e.web.EndpointLinksResolver      : Exposing 3 endpoint(s) beneath base path '/actuator'
2025-09-07 00:09:09.842  INFO 17108 --- [           main] o.e.jetty.server.AbstractConnector       : Started ServerConnector@25a5c8e{HTTP/1.1, (http/1.1)}{0.0.0.0:51796}
2025-09-07 00:09:09.845  INFO 17108 --- [           main] o.s.b.web.embedded.jetty.JettyWebServer  : Jetty started on port(s) 51796 (http/1.1) with context path '/'
2025-09-07 00:09:09.952  INFO 17108 --- [           main] c.e.gateway.config.DynamicRouteLocator   : Loading dynamic routes from configuration
2025-09-07 00:09:09.953  INFO 17108 --- [           main] c.e.gateway.config.DynamicRouteLocator   : No route configurations found
2025-09-07 00:09:09.955  INFO 17108 --- [           main] c.e.g.config.OptimizedRouteLocator       : Route configuration changed, rebuilding cache
2025-09-07 00:09:09.955  INFO 17108 --- [           main] c.e.g.config.OptimizedRouteLocator       : No route configurations found
2025-09-07 00:09:10.021  INFO 17108 --- [           main] c.e.gateway.service.RouteRefreshService  : Received RefreshRoutesEvent, routes will be reloaded
2025-09-07 00:09:10.022  WARN 17108 --- [           main] c.e.gateway.service.RouteRefreshService  : No routes found in current configuration
2025-09-07 00:09:10.026  INFO 17108 --- [           main] c.e.g.ConnectionPoolPropertiesTest       : Started ConnectionPoolPropertiesTest in 5.859 seconds (JVM running for 7.062)
2025-09-07 00:09:10.031  INFO 17108 --- [           main] c.e.g.c.GatewayRoutingConfiguration      : Validating gateway routing configuration...
2025-09-07 00:09:10.032  WARN 17108 --- [           main] c.e.g.c.GatewayRoutingConfiguration      : No routes configured in gateway.routes property
2025-09-07 00:09:10.373  INFO 17108 --- [           main] org.eclipse.jetty.server.Server          : jetty-9.4.30.v20200611; built: 2020-06-11T12:34:51.929Z; git: 271836e4c1f4612f12b7bb13ef5a92a927634b0d; jvm 1.8.0_452-b09
2025-09-07 00:09:10.378  INFO 17108 --- [           main] o.e.jetty.server.handler.ContextHandler  : Started o.e.j.s.ServletContextHandler@153cfd86{/__admin,null,AVAILABLE}
2025-09-07 00:09:10.379  INFO 17108 --- [           main] o.e.jetty.server.handler.ContextHandler  : Started o.e.j.s.ServletContextHandler@7d522180{/,null,AVAILABLE}
2025-09-07 00:09:10.382  INFO 17108 --- [           main] o.e.jetty.server.AbstractConnector       : Started NetworkTrafficServerConnector@fcf9525{HTTP/1.1, (http/1.1)}{0.0.0.0:8092}
2025-09-07 00:09:10.382  INFO 17108 --- [           main] org.eclipse.jetty.server.Server          : Started @7418ms
2025-09-07 00:09:10.476  INFO 17108 --- [           main] o.e.jetty.server.AbstractConnector       : Stopped NetworkTrafficServerConnector@fcf9525{HTTP/1.1, (http/1.1)}{0.0.0.0:8092}
2025-09-07 00:09:10.478  INFO 17108 --- [           main] o.e.jetty.server.handler.ContextHandler  : Stopped o.e.j.s.ServletContextHandler@7d522180{/,null,UNAVAILABLE}
2025-09-07 00:09:10.478  INFO 17108 --- [           main] o.e.jetty.server.handler.ContextHandler  : Stopped o.e.j.s.ServletContextHandler@153cfd86{/__admin,null,UNAVAILABLE}
]]></system-out>
  </testcase>
</testsuite>