<?xml version="1.0" encoding="UTF-8"?>
<testsuite xmlns:xsi="http://www.w3.org/2001/XMLSchema-instance" xsi:noNamespaceSchemaLocation="https://maven.apache.org/surefire/maven-surefire-plugin/xsd/surefire-test-report-3.0.xsd" version="3.0" name="com.example.gateway.RouteMatchingAndPriorityIntegrationTest" time="6.93" tests="1" errors="0" skipped="0" failures="0">
  <properties>
[...]
</properties>
  <testcase name="testExactPathMatching" classname="com.example.gateway.RouteMatchingAndPriorityIntegrationTest" time="1.161">
    <system-out><![CDATA[09:53:10.656 [main] DEBUG org.springframework.test.context.BootstrapUtils - Instantiating CacheAwareContextLoaderDelegate from class [org.springframework.test.context.cache.DefaultCacheAwareContextLoaderDelegate]
09:53:10.663 [main] DEBUG org.springframework.test.context.BootstrapUtils - Instantiating BootstrapContext using constructor [public org.springframework.test.context.support.DefaultBootstrapContext(java.lang.Class,org.springframework.test.context.CacheAwareContextLoaderDelegate)]
09:53:10.696 [main] DEBUG org.springframework.test.context.BootstrapUtils - Instantiating TestContextBootstrapper for test class [com.example.gateway.RouteMatchingAndPriorityIntegrationTest] from class [org.springframework.boot.test.context.SpringBootTestContextBootstrapper]
09:53:10.709 [main] INFO org.springframework.boot.test.context.SpringBootTestContextBootstrapper - Neither @ContextConfiguration nor @ContextHierarchy found for test class [com.example.gateway.RouteMatchingAndPriorityIntegrationTest], using SpringBootContextLoader
09:53:10.712 [main] DEBUG org.springframework.test.context.support.AbstractContextLoader - Did not detect default resource location for test class [com.example.gateway.RouteMatchingAndPriorityIntegrationTest]: class path resource [com/example/gateway/RouteMatchingAndPriorityIntegrationTest-context.xml] does not exist
09:53:10.712 [main] DEBUG org.springframework.test.context.support.AbstractContextLoader - Did not detect default resource location for test class [com.example.gateway.RouteMatchingAndPriorityIntegrationTest]: class path resource [com/example/gateway/RouteMatchingAndPriorityIntegrationTestContext.groovy] does not exist
09:53:10.712 [main] INFO org.springframework.test.context.support.AbstractContextLoader - Could not detect default resource locations for test class [com.example.gateway.RouteMatchingAndPriorityIntegrationTest]: no resource found for suffixes {-context.xml, Context.groovy}.
09:53:10.713 [main] INFO org.springframework.test.context.support.AnnotationConfigContextLoaderUtils - Could not detect default configuration classes for test class [com.example.gateway.RouteMatchingAndPriorityIntegrationTest]: RouteMatchingAndPriorityIntegrationTest does not declare any static, non-private, non-final, nested classes annotated with @Configuration.
09:53:10.755 [main] DEBUG org.springframework.test.context.support.ActiveProfilesUtils - Could not find an 'annotation declaring class' for annotation type [org.springframework.test.context.ActiveProfiles] and class [com.example.gateway.RouteMatchingAndPriorityIntegrationTest]
09:53:10.840 [main] DEBUG org.springframework.context.annotation.ClassPathScanningCandidateComponentProvider - Identified candidate component class: file [/Users/ip192/work/Projects/java/gateway-demo/gateway-service/target/classes/com/example/gateway/GatewayApplication.class]
09:53:10.842 [main] INFO org.springframework.boot.test.context.SpringBootTestContextBootstrapper - Found @SpringBootConfiguration com.example.gateway.GatewayApplication for test class com.example.gateway.RouteMatchingAndPriorityIntegrationTest
09:53:10.915 [main] DEBUG org.springframework.boot.test.context.SpringBootTestContextBootstrapper - @TestExecutionListeners is not present for class [com.example.gateway.RouteMatchingAndPriorityIntegrationTest]: using defaults.
09:53:10.916 [main] INFO org.springframework.boot.test.context.SpringBootTestContextBootstrapper - Loaded default TestExecutionListener class names from location [META-INF/spring.factories]: [org.springframework.boot.test.mock.mockito.MockitoTestExecutionListener, org.springframework.boot.test.mock.mockito.ResetMocksTestExecutionListener, org.springframework.boot.test.autoconfigure.restdocs.RestDocsTestExecutionListener, org.springframework.boot.test.autoconfigure.web.client.MockRestServiceServerResetTestExecutionListener, org.springframework.boot.test.autoconfigure.web.servlet.MockMvcPrintOnlyOnFailureTestExecutionListener, org.springframework.boot.test.autoconfigure.web.servlet.WebDriverTestExecutionListener, org.springframework.boot.test.autoconfigure.webservices.client.MockWebServiceServerTestExecutionListener, org.springframework.test.context.web.ServletTestExecutionListener, org.springframework.test.context.support.DirtiesContextBeforeModesTestExecutionListener, org.springframework.test.context.support.DependencyInjectionTestExecutionListener, org.springframework.test.context.support.DirtiesContextTestExecutionListener, org.springframework.test.context.transaction.TransactionalTestExecutionListener, org.springframework.test.context.jdbc.SqlScriptsTestExecutionListener, org.springframework.test.context.event.EventPublishingTestExecutionListener]
09:53:10.924 [main] DEBUG org.springframework.boot.test.context.SpringBootTestContextBootstrapper - Skipping candidate TestExecutionListener [org.springframework.test.context.transaction.TransactionalTestExecutionListener] due to a missing dependency. Specify custom listener classes or make the default listener classes and their required dependencies available. Offending class: [org/springframework/transaction/interceptor/TransactionAttributeSource]
09:53:10.925 [main] DEBUG org.springframework.boot.test.context.SpringBootTestContextBootstrapper - Skipping candidate TestExecutionListener [org.springframework.test.context.jdbc.SqlScriptsTestExecutionListener] due to a missing dependency. Specify custom listener classes or make the default listener classes and their required dependencies available. Offending class: [org/springframework/transaction/interceptor/TransactionAttribute]
09:53:10.925 [main] INFO org.springframework.boot.test.context.SpringBootTestContextBootstrapper - Using TestExecutionListeners: [org.springframework.test.context.web.ServletTestExecutionListener@4e0ae11f, org.springframework.test.context.support.DirtiesContextBeforeModesTestExecutionListener@238d68ff, org.springframework.boot.test.mock.mockito.MockitoTestExecutionListener@4b86805d, org.springframework.boot.test.autoconfigure.SpringBootDependencyInjectionTestExecutionListener@5852c06f, org.springframework.test.context.support.DirtiesContextTestExecutionListener@4149c063, org.springframework.test.context.event.EventPublishingTestExecutionListener@9cb8225, org.springframework.boot.test.mock.mockito.ResetMocksTestExecutionListener@76b07f29, org.springframework.boot.test.autoconfigure.restdocs.RestDocsTestExecutionListener@38af9828, org.springframework.boot.test.autoconfigure.web.client.MockRestServiceServerResetTestExecutionListener@376a0d86, org.springframework.boot.test.autoconfigure.web.servlet.MockMvcPrintOnlyOnFailureTestExecutionListener@62656be4, org.springframework.boot.test.autoconfigure.web.servlet.WebDriverTestExecutionListener@17d919b6, org.springframework.boot.test.autoconfigure.webservices.client.MockWebServiceServerTestExecutionListener@53f3bdbd]
09:53:10.929 [main] DEBUG org.springframework.test.context.support.AbstractDirtiesContextTestExecutionListener - Before test class: context [DefaultTestContext@3cce57c7 testClass = RouteMatchingAndPriorityIntegrationTest, testInstance = [null], testMethod = [null], testException = [null], mergedContextConfiguration = [ReactiveWebMergedContextConfiguration@1cf56a1c testClass = RouteMatchingAndPriorityIntegrationTest, locations = '{}', classes = '{class com.example.gateway.GatewayApplication}', contextInitializerClasses = '[]', activeProfiles = '{}', propertySourceLocations = '{}', propertySourceProperties = '{spring.cloud.gateway.routes[0].id=exact-match-route, spring.cloud.gateway.routes[0].uri=http://localhost:8091, spring.cloud.gateway.routes[0].predicates[0]=Path=/api/exact, spring.cloud.gateway.routes[0].order=1, spring.cloud.gateway.routes[1].id=prefix-match-route, spring.cloud.gateway.routes[1].uri=http://localhost:8092, spring.cloud.gateway.routes[1].predicates[0]=Path=/api/prefix/**, spring.cloud.gateway.routes[1].order=2, spring.cloud.gateway.routes[2].id=wildcard-match-route, spring.cloud.gateway.routes[2].uri=http://localhost:8093, spring.cloud.gateway.routes[2].predicates[0]=Path=/api/**, spring.cloud.gateway.routes[2].order=3, spring.cloud.gateway.routes[3].id=method-specific-route, spring.cloud.gateway.routes[3].uri=http://localhost:8094, spring.cloud.gateway.routes[3].predicates[0]=Path=/api/method/**, spring.cloud.gateway.routes[3].predicates[1]=Method=POST, spring.cloud.gateway.routes[3].order=1, spring.cloud.gateway.routes[4].id=header-based-route, spring.cloud.gateway.routes[4].uri=http://localhost:8095, spring.cloud.gateway.routes[4].predicates[0]=Path=/api/header/**, spring.cloud.gateway.routes[4].predicates[1]=Header=X-Version,v2, spring.cloud.gateway.routes[4].order=1, spring.cloud.gateway.routes[5].id=query-param-route, spring.cloud.gateway.routes[5].uri=http://localhost:8096, spring.cloud.gateway.routes[5].predicates[0]=Path=/api/query/**, spring.cloud.gateway.routes[5].predicates[1]=Query=version,beta, spring.cloud.gateway.routes[5].order=1, org.springframework.boot.test.context.SpringBootTestContextBootstrapper=true, server.port=0}', contextCustomizers = set[org.springframework.boot.test.context.filter.ExcludeFilterContextCustomizer@4c39bec8, org.springframework.boot.test.json.DuplicateJsonObjectContextCustomizerFactory$DuplicateJsonObjectContextCustomizer@1f59a598, org.springframework.boot.test.mock.mockito.MockitoContextCustomizer@0, org.springframework.boot.test.web.client.TestRestTemplateContextCustomizer@68e5eea7, org.springframework.boot.test.web.reactive.server.WebTestClientContextCustomizer@6db9f5a4, org.springframework.boot.test.autoconfigure.properties.PropertyMappingContextCustomizer@0, org.springframework.boot.test.autoconfigure.web.servlet.WebDriverContextCustomizerFactory$Customizer@fa36558, org.springframework.boot.test.context.SpringBootTestArgs@1], contextLoader = 'org.springframework.boot.test.context.SpringBootContextLoader', parent = [null]], attributes = map['org.springframework.test.context.web.ServletTestExecutionListener.activateListener' -> false]], class annotated with @DirtiesContext [false] with mode [null].
09:53:10.983 [main] DEBUG org.springframework.test.context.support.DependencyInjectionTestExecutionListener - Performing dependency injection for test context [[DefaultTestContext@3cce57c7 testClass = RouteMatchingAndPriorityIntegrationTest, testInstance = com.example.gateway.RouteMatchingAndPriorityIntegrationTest@27912e3, testMethod = [null], testException = [null], mergedContextConfiguration = [ReactiveWebMergedContextConfiguration@1cf56a1c testClass = RouteMatchingAndPriorityIntegrationTest, locations = '{}', classes = '{class com.example.gateway.GatewayApplication}', contextInitializerClasses = '[]', activeProfiles = '{}', propertySourceLocations = '{}', propertySourceProperties = '{spring.cloud.gateway.routes[0].id=exact-match-route, spring.cloud.gateway.routes[0].uri=http://localhost:8091, spring.cloud.gateway.routes[0].predicates[0]=Path=/api/exact, spring.cloud.gateway.routes[0].order=1, spring.cloud.gateway.routes[1].id=prefix-match-route, spring.cloud.gateway.routes[1].uri=http://localhost:8092, spring.cloud.gateway.routes[1].predicates[0]=Path=/api/prefix/**, spring.cloud.gateway.routes[1].order=2, spring.cloud.gateway.routes[2].id=wildcard-match-route, spring.cloud.gateway.routes[2].uri=http://localhost:8093, spring.cloud.gateway.routes[2].predicates[0]=Path=/api/**, spring.cloud.gateway.routes[2].order=3, spring.cloud.gateway.routes[3].id=method-specific-route, spring.cloud.gateway.routes[3].uri=http://localhost:8094, spring.cloud.gateway.routes[3].predicates[0]=Path=/api/method/**, spring.cloud.gateway.routes[3].predicates[1]=Method=POST, spring.cloud.gateway.routes[3].order=1, spring.cloud.gateway.routes[4].id=header-based-route, spring.cloud.gateway.routes[4].uri=http://localhost:8095, spring.cloud.gateway.routes[4].predicates[0]=Path=/api/header/**, spring.cloud.gateway.routes[4].predicates[1]=Header=X-Version,v2, spring.cloud.gateway.routes[4].order=1, spring.cloud.gateway.routes[5].id=query-param-route, spring.cloud.gateway.routes[5].uri=http://localhost:8096, spring.cloud.gateway.routes[5].predicates[0]=Path=/api/query/**, spring.cloud.gateway.routes[5].predicates[1]=Query=version,beta, spring.cloud.gateway.routes[5].order=1, org.springframework.boot.test.context.SpringBootTestContextBootstrapper=true, server.port=0}', contextCustomizers = set[org.springframework.boot.test.context.filter.ExcludeFilterContextCustomizer@4c39bec8, org.springframework.boot.test.json.DuplicateJsonObjectContextCustomizerFactory$DuplicateJsonObjectContextCustomizer@1f59a598, org.springframework.boot.test.mock.mockito.MockitoContextCustomizer@0, org.springframework.boot.test.web.client.TestRestTemplateContextCustomizer@68e5eea7, org.springframework.boot.test.web.reactive.server.WebTestClientContextCustomizer@6db9f5a4, org.springframework.boot.test.autoconfigure.properties.PropertyMappingContextCustomizer@0, org.springframework.boot.test.autoconfigure.web.servlet.WebDriverContextCustomizerFactory$Customizer@fa36558, org.springframework.boot.test.context.SpringBootTestArgs@1], contextLoader = 'org.springframework.boot.test.context.SpringBootContextLoader', parent = [null]], attributes = map['org.springframework.test.context.web.ServletTestExecutionListener.activateListener' -> false]]].
09:53:11.005 [main] DEBUG org.springframework.test.context.support.TestPropertySourceUtils - Adding inlined properties to environment: {spring.jmx.enabled=false, spring.cloud.gateway.routes[0].id=exact-match-route, spring.cloud.gateway.routes[0].uri=http://localhost:8091, spring.cloud.gateway.routes[0].predicates[0]=Path=/api/exact, spring.cloud.gateway.routes[0].order=1, spring.cloud.gateway.routes[1].id=prefix-match-route, spring.cloud.gateway.routes[1].uri=http://localhost:8092, spring.cloud.gateway.routes[1].predicates[0]=Path=/api/prefix/**, spring.cloud.gateway.routes[1].order=2, spring.cloud.gateway.routes[2].id=wildcard-match-route, spring.cloud.gateway.routes[2].uri=http://localhost:8093, spring.cloud.gateway.routes[2].predicates[0]=Path=/api/**, spring.cloud.gateway.routes[2].order=3, spring.cloud.gateway.routes[3].id=method-specific-route, spring.cloud.gateway.routes[3].uri=http://localhost:8094, spring.cloud.gateway.routes[3].predicates[0]=Path=/api/method/**, spring.cloud.gateway.routes[3].predicates[1]=Method=POST, spring.cloud.gateway.routes[3].order=1, spring.cloud.gateway.routes[4].id=header-based-route, spring.cloud.gateway.routes[4].uri=http://localhost:8095, spring.cloud.gateway.routes[4].predicates[0]=Path=/api/header/**, spring.cloud.gateway.routes[4].predicates[1]=Header=X-Version,v2, spring.cloud.gateway.routes[4].order=1, spring.cloud.gateway.routes[5].id=query-param-route, spring.cloud.gateway.routes[5].uri=http://localhost:8096, spring.cloud.gateway.routes[5].predicates[0]=Path=/api/query/**, spring.cloud.gateway.routes[5].predicates[1]=Query=version,beta, spring.cloud.gateway.routes[5].order=1, org.springframework.boot.test.context.SpringBootTestContextBootstrapper=true, server.port=0}

  .   ____          _            __ _ _
 /\\ / ___'_ __ _ _(_)_ __  __ _ \ \ \ \
( ( )\___ | '_ | '_| | '_ \/ _` | \ \ \ \
 \\/  ___)| |_)| | | | | || (_| |  ) ) ) )
  '  |____| .__|_| |_|_| |_\__, | / / / /
 =========|_|==============|___/=/_/_/_/
 :: Spring Boot ::        (v2.3.2.RELEASE)

2025-09-05 09:53:11.887  INFO 94116 --- [           main] .RouteMatchingAndPriorityIntegrationTest : No active profile set, falling back to default profiles: default
2025-09-05 09:53:12.802  INFO 94116 --- [           main] o.s.cloud.context.scope.GenericScope     : BeanFactory id=448f57d5-2641-39ff-bee9-20d9c2fb76e8
2025-09-05 09:53:12.937  INFO 94116 --- [           main] org.eclipse.jetty.util.log               : Logging initialized @2990ms to org.eclipse.jetty.util.log.Slf4jLog
2025-09-05 09:53:13.140  INFO 94116 --- [           main] .s.b.w.e.j.JettyReactiveWebServerFactory : Server initialized with port: 0
2025-09-05 09:53:13.154  INFO 94116 --- [           main] org.eclipse.jetty.server.Server          : jetty-9.4.30.v20200611; built: 2020-06-11T12:34:51.929Z; git: 271836e4c1f4612f12b7bb13ef5a92a927634b0d; jvm 1.8.0_452-b09
2025-09-05 09:53:13.196  INFO 94116 --- [           main] o.e.jetty.server.handler.ContextHandler  : Started o.e.j.s.ServletContextHandler@63884e4{/,null,AVAILABLE}
2025-09-05 09:53:13.197  INFO 94116 --- [           main] org.eclipse.jetty.server.Server          : Started @3251ms
2025-09-05 09:53:13.267  INFO 94116 --- [           main] c.e.g.c.DynamicRoutingConfiguration      : Dynamic routing configuration initialized with circuit breaker and retry support
2025-09-05 09:53:14.790  INFO 94116 --- [           main] o.s.c.g.r.RouteDefinitionRouteLocator    : Loaded RoutePredicateFactory [After]
2025-09-05 09:53:14.792  INFO 94116 --- [           main] o.s.c.g.r.RouteDefinitionRouteLocator    : Loaded RoutePredicateFactory [Before]
2025-09-05 09:53:14.793  INFO 94116 --- [           main] o.s.c.g.r.RouteDefinitionRouteLocator    : Loaded RoutePredicateFactory [Between]
2025-09-05 09:53:14.793  INFO 94116 --- [           main] o.s.c.g.r.RouteDefinitionRouteLocator    : Loaded RoutePredicateFactory [Cookie]
2025-09-05 09:53:14.793  INFO 94116 --- [           main] o.s.c.g.r.RouteDefinitionRouteLocator    : Loaded RoutePredicateFactory [Header]
2025-09-05 09:53:14.793  INFO 94116 --- [           main] o.s.c.g.r.RouteDefinitionRouteLocator    : Loaded RoutePredicateFactory [Host]
2025-09-05 09:53:14.793  INFO 94116 --- [           main] o.s.c.g.r.RouteDefinitionRouteLocator    : Loaded RoutePredicateFactory [Method]
2025-09-05 09:53:14.793  INFO 94116 --- [           main] o.s.c.g.r.RouteDefinitionRouteLocator    : Loaded RoutePredicateFactory [Path]
2025-09-05 09:53:14.793  INFO 94116 --- [           main] o.s.c.g.r.RouteDefinitionRouteLocator    : Loaded RoutePredicateFactory [Query]
2025-09-05 09:53:14.793  INFO 94116 --- [           main] o.s.c.g.r.RouteDefinitionRouteLocator    : Loaded RoutePredicateFactory [ReadBodyPredicateFactory]
2025-09-05 09:53:14.793  INFO 94116 --- [           main] o.s.c.g.r.RouteDefinitionRouteLocator    : Loaded RoutePredicateFactory [RemoteAddr]
2025-09-05 09:53:14.793  INFO 94116 --- [           main] o.s.c.g.r.RouteDefinitionRouteLocator    : Loaded RoutePredicateFactory [Weight]
2025-09-05 09:53:14.793  INFO 94116 --- [           main] o.s.c.g.r.RouteDefinitionRouteLocator    : Loaded RoutePredicateFactory [CloudFoundryRouteService]
2025-09-05 09:53:15.529  INFO 94116 --- [           main] o.s.b.a.e.web.EndpointLinksResolver      : Exposing 2 endpoint(s) beneath base path '/actuator'
2025-09-05 09:53:16.132  INFO 94116 --- [           main] o.e.jetty.server.AbstractConnector       : Started ServerConnector@6f50d55c{HTTP/1.1, (http/1.1)}{0.0.0.0:61427}
2025-09-05 09:53:16.134  INFO 94116 --- [           main] o.s.b.web.embedded.jetty.JettyWebServer  : Jetty started on port(s) 61427 (http/1.1) with context path '/'
2025-09-05 09:53:16.196  INFO 94116 --- [           main] c.e.gateway.config.DynamicRouteLocator   : Loading dynamic routes from configuration
2025-09-05 09:53:16.197  INFO 94116 --- [           main] c.e.gateway.config.DynamicRouteLocator   : No route configurations found
2025-09-05 09:53:16.328  INFO 94116 --- [           main] c.e.gateway.service.RouteRefreshService  : Received RefreshRoutesEvent, routes will be reloaded
2025-09-05 09:53:16.329  WARN 94116 --- [           main] c.e.gateway.service.RouteRefreshService  : No routes found in current configuration
2025-09-05 09:53:16.334  INFO 94116 --- [           main] .RouteMatchingAndPriorityIntegrationTest : Started RouteMatchingAndPriorityIntegrationTest in 5.326 seconds (JVM running for 6.388)
2025-09-05 09:53:16.340  INFO 94116 --- [           main] c.e.g.c.GatewayRoutingConfiguration      : Validating gateway routing configuration...
2025-09-05 09:53:16.340  WARN 94116 --- [           main] c.e.g.c.GatewayRoutingConfiguration      : No routes configured in gateway.routes property
2025-09-05 09:53:16.646  INFO 94116 --- [           main] org.eclipse.jetty.server.Server          : jetty-9.4.30.v20200611; built: 2020-06-11T12:34:51.929Z; git: 271836e4c1f4612f12b7bb13ef5a92a927634b0d; jvm 1.8.0_452-b09
2025-09-05 09:53:16.653  INFO 94116 --- [           main] o.e.jetty.server.handler.ContextHandler  : Started o.e.j.s.ServletContextHandler@a9e8da1{/__admin,null,AVAILABLE}
2025-09-05 09:53:16.655  INFO 94116 --- [           main] o.e.jetty.server.handler.ContextHandler  : Started o.e.j.s.ServletContextHandler@33a47707{/,null,AVAILABLE}
2025-09-05 09:53:16.664  INFO 94116 --- [           main] o.e.jetty.server.AbstractConnector       : Started NetworkTrafficServerConnector@d0b814d{HTTP/1.1, (http/1.1)}{0.0.0.0:8091}
2025-09-05 09:53:16.665  INFO 94116 --- [           main] org.eclipse.jetty.server.Server          : Started @6720ms
2025-09-05 09:53:16.665  INFO 94116 --- [           main] org.eclipse.jetty.server.Server          : jetty-9.4.30.v20200611; built: 2020-06-11T12:34:51.929Z; git: 271836e4c1f4612f12b7bb13ef5a92a927634b0d; jvm 1.8.0_452-b09
2025-09-05 09:53:16.669  INFO 94116 --- [           main] o.e.jetty.server.handler.ContextHandler  : Started o.e.j.s.ServletContextHandler@e972ee1{/__admin,null,AVAILABLE}
2025-09-05 09:53:16.669  INFO 94116 --- [           main] o.e.jetty.server.handler.ContextHandler  : Started o.e.j.s.ServletContextHandler@5e24592e{/,null,AVAILABLE}
2025-09-05 09:53:16.671  INFO 94116 --- [           main] o.e.jetty.server.AbstractConnector       : Started NetworkTrafficServerConnector@63f2e0b{HTTP/1.1, (http/1.1)}{0.0.0.0:8092}
2025-09-05 09:53:16.672  INFO 94116 --- [           main] org.eclipse.jetty.server.Server          : Started @6727ms
2025-09-05 09:53:16.672  INFO 94116 --- [           main] org.eclipse.jetty.server.Server          : jetty-9.4.30.v20200611; built: 2020-06-11T12:34:51.929Z; git: 271836e4c1f4612f12b7bb13ef5a92a927634b0d; jvm 1.8.0_452-b09
2025-09-05 09:53:16.676  INFO 94116 --- [           main] o.e.jetty.server.handler.ContextHandler  : Started o.e.j.s.ServletContextHandler@6cceb281{/__admin,null,AVAILABLE}
2025-09-05 09:53:16.676  INFO 94116 --- [           main] o.e.jetty.server.handler.ContextHandler  : Started o.e.j.s.ServletContextHandler@7cca31fc{/,null,AVAILABLE}
2025-09-05 09:53:16.683  INFO 94116 --- [           main] o.e.jetty.server.AbstractConnector       : Started NetworkTrafficServerConnector@3513d214{HTTP/1.1, (http/1.1)}{0.0.0.0:8093}
2025-09-05 09:53:16.684  INFO 94116 --- [           main] org.eclipse.jetty.server.Server          : Started @6739ms
2025-09-05 09:53:16.684  INFO 94116 --- [           main] org.eclipse.jetty.server.Server          : jetty-9.4.30.v20200611; built: 2020-06-11T12:34:51.929Z; git: 271836e4c1f4612f12b7bb13ef5a92a927634b0d; jvm 1.8.0_452-b09
2025-09-05 09:53:16.687  INFO 94116 --- [           main] o.e.jetty.server.handler.ContextHandler  : Started o.e.j.s.ServletContextHandler@34f23816{/__admin,null,AVAILABLE}
2025-09-05 09:53:16.687  INFO 94116 --- [           main] o.e.jetty.server.handler.ContextHandler  : Started o.e.j.s.ServletContextHandler@6736f40f{/,null,AVAILABLE}
2025-09-05 09:53:16.689  INFO 94116 --- [           main] o.e.jetty.server.AbstractConnector       : Started NetworkTrafficServerConnector@1a17dd6f{HTTP/1.1, (http/1.1)}{0.0.0.0:8094}
2025-09-05 09:53:16.691  INFO 94116 --- [           main] org.eclipse.jetty.server.Server          : Started @6745ms
2025-09-05 09:53:16.691  INFO 94116 --- [           main] org.eclipse.jetty.server.Server          : jetty-9.4.30.v20200611; built: 2020-06-11T12:34:51.929Z; git: 271836e4c1f4612f12b7bb13ef5a92a927634b0d; jvm 1.8.0_452-b09
2025-09-05 09:53:16.694  INFO 94116 --- [           main] o.e.jetty.server.handler.ContextHandler  : Started o.e.j.s.ServletContextHandler@1669931a{/__admin,null,AVAILABLE}
2025-09-05 09:53:16.694  INFO 94116 --- [           main] o.e.jetty.server.handler.ContextHandler  : Started o.e.j.s.ServletContextHandler@6b24ddd7{/,null,AVAILABLE}
2025-09-05 09:53:16.696  INFO 94116 --- [           main] o.e.jetty.server.AbstractConnector       : Started NetworkTrafficServerConnector@5fb07347{HTTP/1.1, (http/1.1)}{0.0.0.0:8095}
2025-09-05 09:53:16.698  INFO 94116 --- [           main] org.eclipse.jetty.server.Server          : Started @6753ms
2025-09-05 09:53:16.698  INFO 94116 --- [           main] org.eclipse.jetty.server.Server          : jetty-9.4.30.v20200611; built: 2020-06-11T12:34:51.929Z; git: 271836e4c1f4612f12b7bb13ef5a92a927634b0d; jvm 1.8.0_452-b09
2025-09-05 09:53:16.699  INFO 94116 --- [           main] o.e.jetty.server.handler.ContextHandler  : Started o.e.j.s.ServletContextHandler@6a51ae7c{/__admin,null,AVAILABLE}
2025-09-05 09:53:16.700  INFO 94116 --- [           main] o.e.jetty.server.handler.ContextHandler  : Started o.e.j.s.ServletContextHandler@171aa66{/,null,AVAILABLE}
2025-09-05 09:53:16.702  INFO 94116 --- [           main] o.e.jetty.server.AbstractConnector       : Started NetworkTrafficServerConnector@e154848{HTTP/1.1, (http/1.1)}{0.0.0.0:8096}
2025-09-05 09:53:16.702  INFO 94116 --- [           main] org.eclipse.jetty.server.Server          : Started @6757ms
2025-09-05 09:53:16.898  INFO 94116 --- [ttp@38792286-24] c.e.gateway.filter.RequestLoggingFilter  : Incoming request: GET http://localhost:61427/api/exact from /127.0.0.1:61428
2025-09-05 09:53:17.277  INFO 94116 --- [tp1758917774-44] o.e.j.s.handler.ContextHandler.ROOT      : RequestHandlerClass from context returned com.github.tomakehurst.wiremock.http.StubRequestHandler. Normalized mapped under returned 'null'
2025-09-05 09:53:17.415  INFO 94116 --- [ctor-http-nio-1] c.e.gateway.filter.RequestLoggingFilter  : Request completed: GET /api/exact -> 200 OK in 517ms
2025-09-05 09:53:17.468  INFO 94116 --- [           main] o.e.jetty.server.AbstractConnector       : Stopped NetworkTrafficServerConnector@d0b814d{HTTP/1.1, (http/1.1)}{0.0.0.0:8091}
2025-09-05 09:53:17.470  INFO 94116 --- [           main] o.e.jetty.server.handler.ContextHandler  : Stopped o.e.j.s.ServletContextHandler@33a47707{/,null,UNAVAILABLE}
2025-09-05 09:53:17.470  INFO 94116 --- [           main] o.e.jetty.server.handler.ContextHandler  : Stopped o.e.j.s.ServletContextHandler@a9e8da1{/__admin,null,UNAVAILABLE}
2025-09-05 09:53:17.472  INFO 94116 --- [           main] o.e.jetty.server.AbstractConnector       : Stopped NetworkTrafficServerConnector@63f2e0b{HTTP/1.1, (http/1.1)}{0.0.0.0:8092}
2025-09-05 09:53:17.472  INFO 94116 --- [           main] o.e.jetty.server.handler.ContextHandler  : Stopped o.e.j.s.ServletContextHandler@5e24592e{/,null,UNAVAILABLE}
2025-09-05 09:53:17.472  INFO 94116 --- [           main] o.e.jetty.server.handler.ContextHandler  : Stopped o.e.j.s.ServletContextHandler@e972ee1{/__admin,null,UNAVAILABLE}
2025-09-05 09:53:17.474  INFO 94116 --- [           main] o.e.jetty.server.AbstractConnector       : Stopped NetworkTrafficServerConnector@3513d214{HTTP/1.1, (http/1.1)}{0.0.0.0:8093}
2025-09-05 09:53:17.474  INFO 94116 --- [           main] o.e.jetty.server.handler.ContextHandler  : Stopped o.e.j.s.ServletContextHandler@7cca31fc{/,null,UNAVAILABLE}
2025-09-05 09:53:17.474  INFO 94116 --- [           main] o.e.jetty.server.handler.ContextHandler  : Stopped o.e.j.s.ServletContextHandler@6cceb281{/__admin,null,UNAVAILABLE}
2025-09-05 09:53:17.480  INFO 94116 --- [           main] o.e.jetty.server.AbstractConnector       : Stopped NetworkTrafficServerConnector@1a17dd6f{HTTP/1.1, (http/1.1)}{0.0.0.0:8094}
2025-09-05 09:53:17.485  INFO 94116 --- [           main] o.e.jetty.server.handler.ContextHandler  : Stopped o.e.j.s.ServletContextHandler@6736f40f{/,null,UNAVAILABLE}
2025-09-05 09:53:17.486  INFO 94116 --- [           main] o.e.jetty.server.handler.ContextHandler  : Stopped o.e.j.s.ServletContextHandler@34f23816{/__admin,null,UNAVAILABLE}
2025-09-05 09:53:17.488  INFO 94116 --- [           main] o.e.jetty.server.AbstractConnector       : Stopped NetworkTrafficServerConnector@5fb07347{HTTP/1.1, (http/1.1)}{0.0.0.0:8095}
2025-09-05 09:53:17.488  INFO 94116 --- [           main] o.e.jetty.server.handler.ContextHandler  : Stopped o.e.j.s.ServletContextHandler@6b24ddd7{/,null,UNAVAILABLE}
2025-09-05 09:53:17.488  INFO 94116 --- [           main] o.e.jetty.server.handler.ContextHandler  : Stopped o.e.j.s.ServletContextHandler@1669931a{/__admin,null,UNAVAILABLE}
2025-09-05 09:53:17.489  INFO 94116 --- [           main] o.e.jetty.server.AbstractConnector       : Stopped NetworkTrafficServerConnector@e154848{HTTP/1.1, (http/1.1)}{0.0.0.0:8096}
2025-09-05 09:53:17.490  INFO 94116 --- [           main] o.e.jetty.server.handler.ContextHandler  : Stopped o.e.j.s.ServletContextHandler@171aa66{/,null,UNAVAILABLE}
2025-09-05 09:53:17.490  INFO 94116 --- [           main] o.e.jetty.server.handler.ContextHandler  : Stopped o.e.j.s.ServletContextHandler@6a51ae7c{/__admin,null,UNAVAILABLE}
]]></system-out>
  </testcase>
</testsuite>